<?xml version="1.0" encoding="UTF-8"?>
<coverage generated="1563788647838" clover="3.2.0">
  <project timestamp="1563788647839" name="All files">
    <metrics statements="291" coveredstatements="166" conditionals="87" coveredconditionals="37" methods="125" coveredmethods="54" elements="503" coveredelements="257" complexity="0" loc="291" ncloc="291" packages="68" files="76" classes="76">
      <package name="components">
        <metrics statements="0" coveredstatements="0" conditionals="0" coveredconditionals="0" methods="0" coveredmethods="0"/>
        <file name="index.js" path="/Users/jelle/Sites-2020/pagie.co/focus-ui/src/components/index.js">
          <metrics statements="0" coveredstatements="0" conditionals="0" coveredconditionals="0" methods="0" coveredmethods="0"/>
        </file>
      </package>
      <package name="components.avatar">
        <metrics statements="0" coveredstatements="0" conditionals="0" coveredconditionals="0" methods="0" coveredmethods="0"/>
        <file name="index.js" path="/Users/jelle/Sites-2020/pagie.co/focus-ui/src/components/avatar/index.js">
          <metrics statements="0" coveredstatements="0" conditionals="0" coveredconditionals="0" methods="0" coveredmethods="0"/>
        </file>
      </package>
      <package name="components.avatar.components">
        <metrics statements="6" coveredstatements="6" conditionals="2" coveredconditionals="2" methods="2" coveredmethods="2"/>
        <file name="Avatar.vue" path="/Users/jelle/Sites-2020/pagie.co/focus-ui/src/components/avatar/components/Avatar.vue">
          <metrics statements="6" coveredstatements="6" conditionals="2" coveredconditionals="2" methods="2" coveredmethods="2"/>
          <line num="3" count="3" type="stmt"/>
          <line num="42" count="7" type="stmt"/>
          <line num="49" count="5" type="stmt"/>
          <line num="51" count="5" type="cond" truecount="2" falsecount="0"/>
          <line num="52" count="1" type="stmt"/>
          <line num="55" count="5" type="stmt"/>
        </file>
      </package>
      <package name="components.badge">
        <metrics statements="0" coveredstatements="0" conditionals="0" coveredconditionals="0" methods="0" coveredmethods="0"/>
        <file name="index.js" path="/Users/jelle/Sites-2020/pagie.co/focus-ui/src/components/badge/index.js">
          <metrics statements="0" coveredstatements="0" conditionals="0" coveredconditionals="0" methods="0" coveredmethods="0"/>
        </file>
      </package>
      <package name="components.badge.components">
        <metrics statements="7" coveredstatements="4" conditionals="0" coveredconditionals="0" methods="3" coveredmethods="0"/>
        <file name="Badge.vue" path="/Users/jelle/Sites-2020/pagie.co/focus-ui/src/components/badge/components/Badge.vue">
          <metrics statements="7" coveredstatements="4" conditionals="0" coveredconditionals="0" methods="3" coveredmethods="0"/>
          <line num="3" count="2" type="stmt"/>
          <line num="4" count="2" type="stmt"/>
          <line num="6" count="2" type="stmt"/>
          <line num="11" count="2" type="stmt"/>
          <line num="27" count="0" type="stmt"/>
          <line num="38" count="0" type="stmt"/>
          <line num="47" count="0" type="stmt"/>
        </file>
      </package>
      <package name="components.banner">
        <metrics statements="0" coveredstatements="0" conditionals="0" coveredconditionals="0" methods="0" coveredmethods="0"/>
        <file name="index.js" path="/Users/jelle/Sites-2020/pagie.co/focus-ui/src/components/banner/index.js">
          <metrics statements="0" coveredstatements="0" conditionals="0" coveredconditionals="0" methods="0" coveredmethods="0"/>
        </file>
      </package>
      <package name="components.banner.components">
        <metrics statements="14" coveredstatements="13" conditionals="4" coveredconditionals="4" methods="7" coveredmethods="6"/>
        <file name="Banner.vue" path="/Users/jelle/Sites-2020/pagie.co/focus-ui/src/components/banner/components/Banner.vue">
          <metrics statements="11" coveredstatements="11" conditionals="4" coveredconditionals="4" methods="6" coveredmethods="6"/>
          <line num="3" count="3" type="stmt"/>
          <line num="4" count="3" type="stmt"/>
          <line num="5" count="3" type="stmt"/>
          <line num="6" count="3" type="stmt"/>
          <line num="8" count="3" type="stmt"/>
          <line num="38" count="10" type="stmt"/>
          <line num="53" count="9" type="stmt"/>
          <line num="65" count="9" type="stmt"/>
          <line num="70" count="9" type="stmt"/>
          <line num="77" count="9" type="cond" truecount="2" falsecount="0"/>
          <line num="83" count="18" type="cond" truecount="2" falsecount="0"/>
        </file>
        <file name="PrimaryAction.vue" path="/Users/jelle/Sites-2020/pagie.co/focus-ui/src/components/banner/components/PrimaryAction.vue">
          <metrics statements="3" coveredstatements="2" conditionals="0" coveredconditionals="0" methods="1" coveredmethods="0"/>
          <line num="3" count="3" type="stmt"/>
          <line num="4" count="3" type="stmt"/>
          <line num="18" count="0" type="stmt"/>
        </file>
      </package>
      <package name="components.button">
        <metrics statements="0" coveredstatements="0" conditionals="0" coveredconditionals="0" methods="0" coveredmethods="0"/>
        <file name="index.js" path="/Users/jelle/Sites-2020/pagie.co/focus-ui/src/components/button/index.js">
          <metrics statements="0" coveredstatements="0" conditionals="0" coveredconditionals="0" methods="0" coveredmethods="0"/>
        </file>
      </package>
      <package name="components.button-group">
        <metrics statements="0" coveredstatements="0" conditionals="0" coveredconditionals="0" methods="0" coveredmethods="0"/>
        <file name="index.js" path="/Users/jelle/Sites-2020/pagie.co/focus-ui/src/components/button-group/index.js">
          <metrics statements="0" coveredstatements="0" conditionals="0" coveredconditionals="0" methods="0" coveredmethods="0"/>
        </file>
      </package>
      <package name="components.button-group.components">
        <metrics statements="2" coveredstatements="2" conditionals="0" coveredconditionals="0" methods="1" coveredmethods="1"/>
        <file name="ButtonGroup.vue" path="/Users/jelle/Sites-2020/pagie.co/focus-ui/src/components/button-group/components/ButtonGroup.vue">
          <metrics statements="2" coveredstatements="2" conditionals="0" coveredconditionals="0" methods="1" coveredmethods="1"/>
          <line num="3" count="3" type="stmt"/>
          <line num="28" count="4" type="stmt"/>
        </file>
      </package>
      <package name="components.button.components">
        <metrics statements="10" coveredstatements="10" conditionals="10" coveredconditionals="10" methods="6" coveredmethods="6"/>
        <file name="Button.vue" path="/Users/jelle/Sites-2020/pagie.co/focus-ui/src/components/button/components/Button.vue">
          <metrics statements="10" coveredstatements="10" conditionals="10" coveredconditionals="10" methods="6" coveredmethods="6"/>
          <line num="3" count="5" type="stmt"/>
          <line num="4" count="5" type="stmt"/>
          <line num="115" count="16" type="stmt"/>
          <line num="127" count="16" type="cond" truecount="2" falsecount="0"/>
          <line num="131" count="14" type="cond" truecount="2" falsecount="0"/>
          <line num="135" count="2" type="stmt"/>
          <line num="149" count="14" type="stmt"/>
          <line num="164" count="16" type="stmt"/>
          <line num="166" count="16" type="stmt"/>
          <line num="170" count="16" type="cond" truecount="2" falsecount="0"/>
        </file>
      </package>
      <package name="components.card">
        <metrics statements="0" coveredstatements="0" conditionals="0" coveredconditionals="0" methods="0" coveredmethods="0"/>
        <file name="index.js" path="/Users/jelle/Sites-2020/pagie.co/focus-ui/src/components/card/index.js">
          <metrics statements="0" coveredstatements="0" conditionals="0" coveredconditionals="0" methods="0" coveredmethods="0"/>
        </file>
      </package>
      <package name="components.card.components">
        <metrics statements="6" coveredstatements="6" conditionals="2" coveredconditionals="2" methods="3" coveredmethods="3"/>
        <file name="Card.vue" path="/Users/jelle/Sites-2020/pagie.co/focus-ui/src/components/card/components/Card.vue">
          <metrics statements="4" coveredstatements="4" conditionals="2" coveredconditionals="2" methods="2" coveredmethods="2"/>
          <line num="3" count="4" type="stmt"/>
          <line num="4" count="4" type="stmt"/>
          <line num="31" count="5" type="stmt"/>
          <line num="39" count="8" type="cond" truecount="2" falsecount="0"/>
        </file>
        <file name="CardSection.vue" path="/Users/jelle/Sites-2020/pagie.co/focus-ui/src/components/card/components/CardSection.vue">
          <metrics statements="2" coveredstatements="2" conditionals="0" coveredconditionals="0" methods="1" coveredmethods="1"/>
          <line num="3" count="4" type="stmt"/>
          <line num="35" count="4" type="stmt"/>
        </file>
      </package>
      <package name="components.color-picker">
        <metrics statements="0" coveredstatements="0" conditionals="0" coveredconditionals="0" methods="0" coveredmethods="0"/>
        <file name="index.js" path="/Users/jelle/Sites-2020/pagie.co/focus-ui/src/components/color-picker/index.js">
          <metrics statements="0" coveredstatements="0" conditionals="0" coveredconditionals="0" methods="0" coveredmethods="0"/>
        </file>
      </package>
      <package name="components.color-picker.components">
        <metrics statements="44" coveredstatements="22" conditionals="2" coveredconditionals="2" methods="17" coveredmethods="8"/>
        <file name="ColorPicker.vue" path="/Users/jelle/Sites-2020/pagie.co/focus-ui/src/components/color-picker/components/ColorPicker.vue">
          <metrics statements="44" coveredstatements="22" conditionals="2" coveredconditionals="2" methods="17" coveredmethods="8"/>
          <line num="3" count="3" type="stmt"/>
          <line num="4" count="3" type="stmt"/>
          <line num="36" count="5" type="stmt"/>
          <line num="44" count="6" type="stmt"/>
          <line num="48" count="1" type="stmt"/>
          <line num="49" count="1" type="stmt"/>
          <line num="54" count="6" type="stmt"/>
          <line num="59" count="5" type="stmt"/>
          <line num="60" count="5" type="stmt"/>
          <line num="61" count="5" type="stmt"/>
          <line num="65" count="0" type="stmt"/>
          <line num="66" count="0" type="stmt"/>
          <line num="67" count="0" type="stmt"/>
          <line num="68" count="0" type="stmt"/>
          <line num="70" count="0" type="stmt"/>
          <line num="71" count="0" type="stmt"/>
          <line num="75" count="0" type="stmt"/>
          <line num="76" count="0" type="stmt"/>
          <line num="77" count="0" type="stmt"/>
          <line num="79" count="0" type="stmt"/>
          <line num="80" count="0" type="stmt"/>
          <line num="84" count="0" type="stmt"/>
          <line num="85" count="0" type="stmt"/>
          <line num="86" count="0" type="stmt"/>
          <line num="88" count="0" type="stmt"/>
          <line num="89" count="0" type="stmt"/>
          <line num="94" count="0" type="stmt"/>
          <line num="96" count="0" type="stmt"/>
          <line num="105" count="0" type="stmt"/>
          <line num="107" count="0" type="stmt"/>
          <line num="116" count="0" type="stmt"/>
          <line num="118" count="0" type="stmt"/>
          <line num="127" count="5" type="stmt"/>
          <line num="129" count="5" type="stmt"/>
          <line num="130" count="5" type="stmt"/>
          <line num="132" count="5" type="stmt"/>
          <line num="133" count="5" type="stmt"/>
          <line num="137" count="5" type="stmt"/>
          <line num="138" count="5" type="stmt"/>
          <line num="140" count="5" type="stmt"/>
          <line num="144" count="5" type="cond" truecount="2" falsecount="0"/>
          <line num="145" count="4" type="stmt"/>
          <line num="146" count="4" type="stmt"/>
          <line num="148" count="4" type="stmt"/>
        </file>
      </package>
      <package name="components.connected-field">
        <metrics statements="0" coveredstatements="0" conditionals="0" coveredconditionals="0" methods="0" coveredmethods="0"/>
        <file name="index.js" path="/Users/jelle/Sites-2020/pagie.co/focus-ui/src/components/connected-field/index.js">
          <metrics statements="0" coveredstatements="0" conditionals="0" coveredconditionals="0" methods="0" coveredmethods="0"/>
        </file>
      </package>
      <package name="components.connected-field.components">
        <metrics statements="10" coveredstatements="1" conditionals="0" coveredconditionals="0" methods="5" coveredmethods="0"/>
        <file name="ConnectedField.vue" path="/Users/jelle/Sites-2020/pagie.co/focus-ui/src/components/connected-field/components/ConnectedField.vue">
          <metrics statements="10" coveredstatements="1" conditionals="0" coveredconditionals="0" methods="5" coveredmethods="0"/>
          <line num="3" count="2" type="stmt"/>
          <line num="6" count="0" type="stmt"/>
          <line num="7" count="0" type="stmt"/>
          <line num="11" count="0" type="stmt"/>
          <line num="13" count="0" type="stmt"/>
          <line num="14" count="0" type="stmt"/>
          <line num="17" count="0" type="stmt"/>
          <line num="18" count="0" type="stmt"/>
          <line num="24" count="0" type="stmt"/>
          <line num="31" count="0" type="stmt"/>
        </file>
      </package>
      <package name="components.data-table">
        <metrics statements="0" coveredstatements="0" conditionals="0" coveredconditionals="0" methods="0" coveredmethods="0"/>
        <file name="index.js" path="/Users/jelle/Sites-2020/pagie.co/focus-ui/src/components/data-table/index.js">
          <metrics statements="0" coveredstatements="0" conditionals="0" coveredconditionals="0" methods="0" coveredmethods="0"/>
        </file>
      </package>
      <package name="components.data-table.components">
        <metrics statements="31" coveredstatements="6" conditionals="18" coveredconditionals="0" methods="14" coveredmethods="0"/>
        <file name="Cell.vue" path="/Users/jelle/Sites-2020/pagie.co/focus-ui/src/components/data-table/components/Cell.vue">
          <metrics statements="20" coveredstatements="3" conditionals="14" coveredconditionals="0" methods="9" coveredmethods="0"/>
          <line num="3" count="2" type="stmt"/>
          <line num="4" count="2" type="stmt"/>
          <line num="5" count="2" type="stmt"/>
          <line num="24" count="0" type="stmt"/>
          <line num="63" count="0" type="stmt"/>
          <line num="73" count="0" type="cond" truecount="0" falsecount="2"/>
          <line num="78" count="0" type="stmt"/>
          <line num="91" count="0" type="cond" truecount="0" falsecount="2"/>
          <line num="96" count="0" type="stmt"/>
          <line num="97" count="0" type="cond" truecount="0" falsecount="2"/>
          <line num="98" count="0" type="stmt"/>
          <line num="103" count="0" type="stmt"/>
          <line num="106" count="0" type="stmt"/>
          <line num="111" count="0" type="stmt"/>
          <line num="115" count="0" type="cond" truecount="0" falsecount="4"/>
          <line num="116" count="0" type="stmt"/>
          <line num="119" count="0" type="stmt"/>
          <line num="123" count="0" type="cond" truecount="0" falsecount="4"/>
          <line num="124" count="0" type="stmt"/>
          <line num="129" count="0" type="stmt"/>
        </file>
        <file name="DataTable.vue" path="/Users/jelle/Sites-2020/pagie.co/focus-ui/src/components/data-table/components/DataTable.vue">
          <metrics statements="11" coveredstatements="3" conditionals="4" coveredconditionals="0" methods="5" coveredmethods="0"/>
          <line num="3" count="2" type="stmt"/>
          <line num="5" count="2" type="stmt"/>
          <line num="10" count="2" type="stmt"/>
          <line num="25" count="0" type="stmt"/>
          <line num="34" count="0" type="stmt"/>
          <line num="88" count="0" type="stmt"/>
          <line num="95" count="0" type="stmt"/>
          <line num="100" count="0" type="cond" truecount="0" falsecount="2"/>
          <line num="101" count="0" type="cond" truecount="0" falsecount="2"/>
          <line num="106" count="0" type="stmt"/>
          <line num="108" count="0" type="stmt"/>
        </file>
      </package>
      <package name="components.display-text">
        <metrics statements="0" coveredstatements="0" conditionals="0" coveredconditionals="0" methods="0" coveredmethods="0"/>
        <file name="index.js" path="/Users/jelle/Sites-2020/pagie.co/focus-ui/src/components/display-text/index.js">
          <metrics statements="0" coveredstatements="0" conditionals="0" coveredconditionals="0" methods="0" coveredmethods="0"/>
        </file>
      </package>
      <package name="components.display-text.components">
        <metrics statements="6" coveredstatements="6" conditionals="0" coveredconditionals="0" methods="3" coveredmethods="3"/>
        <file name="DisplayText.vue" path="/Users/jelle/Sites-2020/pagie.co/focus-ui/src/components/display-text/components/DisplayText.vue">
          <metrics statements="6" coveredstatements="6" conditionals="0" coveredconditionals="0" methods="3" coveredmethods="3"/>
          <line num="3" count="2" type="stmt"/>
          <line num="5" count="2" type="stmt"/>
          <line num="15" count="2" type="stmt"/>
          <line num="29" count="11" type="stmt"/>
          <line num="37" count="8" type="stmt"/>
          <line num="45" count="4" type="stmt"/>
        </file>
      </package>
      <package name="components.filters">
        <metrics statements="0" coveredstatements="0" conditionals="0" coveredconditionals="0" methods="0" coveredmethods="0"/>
        <file name="index.js" path="/Users/jelle/Sites-2020/pagie.co/focus-ui/src/components/filters/index.js">
          <metrics statements="0" coveredstatements="0" conditionals="0" coveredconditionals="0" methods="0" coveredmethods="0"/>
        </file>
      </package>
      <package name="components.form">
        <metrics statements="0" coveredstatements="0" conditionals="0" coveredconditionals="0" methods="0" coveredmethods="0"/>
        <file name="index.js" path="/Users/jelle/Sites-2020/pagie.co/focus-ui/src/components/form/index.js">
          <metrics statements="0" coveredstatements="0" conditionals="0" coveredconditionals="0" methods="0" coveredmethods="0"/>
        </file>
      </package>
      <package name="components.form-layout">
        <metrics statements="0" coveredstatements="0" conditionals="0" coveredconditionals="0" methods="0" coveredmethods="0"/>
        <file name="index.js" path="/Users/jelle/Sites-2020/pagie.co/focus-ui/src/components/form-layout/index.js">
          <metrics statements="0" coveredstatements="0" conditionals="0" coveredconditionals="0" methods="0" coveredmethods="0"/>
        </file>
      </package>
      <package name="components.form-layout.components">
        <metrics statements="6" coveredstatements="6" conditionals="2" coveredconditionals="2" methods="3" coveredmethods="3"/>
        <file name="FormLayout.vue" path="/Users/jelle/Sites-2020/pagie.co/focus-ui/src/components/form-layout/components/FormLayout.vue">
          <metrics statements="6" coveredstatements="6" conditionals="2" coveredconditionals="2" methods="3" coveredmethods="3"/>
          <line num="3" count="3" type="stmt"/>
          <line num="10" count="2" type="stmt"/>
          <line num="17" count="2" type="cond" truecount="2" falsecount="0"/>
          <line num="18" count="1" type="stmt"/>
          <line num="23" count="2" type="stmt"/>
          <line num="29" count="2" type="stmt"/>
        </file>
      </package>
      <package name="components.form.components">
        <metrics statements="6" coveredstatements="6" conditionals="2" coveredconditionals="2" methods="4" coveredmethods="4"/>
        <file name="Form.vue" path="/Users/jelle/Sites-2020/pagie.co/focus-ui/src/components/form/components/Form.vue">
          <metrics statements="6" coveredstatements="6" conditionals="2" coveredconditionals="2" methods="4" coveredmethods="4"/>
          <line num="3" count="3" type="stmt"/>
          <line num="9" count="3" type="stmt"/>
          <line num="25" count="9" type="stmt"/>
          <line num="57" count="5" type="stmt"/>
          <line num="66" count="6" type="stmt"/>
          <line num="70" count="6" type="cond" truecount="2" falsecount="0"/>
        </file>
      </package>
      <package name="components.frame">
        <metrics statements="0" coveredstatements="0" conditionals="0" coveredconditionals="0" methods="0" coveredmethods="0"/>
        <file name="index.js" path="/Users/jelle/Sites-2020/pagie.co/focus-ui/src/components/frame/index.js">
          <metrics statements="0" coveredstatements="0" conditionals="0" coveredconditionals="0" methods="0" coveredmethods="0"/>
        </file>
      </package>
      <package name="components.frame.components">
        <metrics statements="4" coveredstatements="1" conditionals="0" coveredconditionals="0" methods="3" coveredmethods="0"/>
        <file name="Frame.vue" path="/Users/jelle/Sites-2020/pagie.co/focus-ui/src/components/frame/components/Frame.vue">
          <metrics statements="4" coveredstatements="1" conditionals="0" coveredconditionals="0" methods="3" coveredmethods="0"/>
          <line num="3" count="2" type="stmt"/>
          <line num="8" count="0" type="stmt"/>
          <line num="15" count="0" type="stmt"/>
          <line num="19" count="0" type="stmt"/>
        </file>
      </package>
      <package name="components.heading">
        <metrics statements="0" coveredstatements="0" conditionals="0" coveredconditionals="0" methods="0" coveredmethods="0"/>
        <file name="index.js" path="/Users/jelle/Sites-2020/pagie.co/focus-ui/src/components/heading/index.js">
          <metrics statements="0" coveredstatements="0" conditionals="0" coveredconditionals="0" methods="0" coveredmethods="0"/>
        </file>
      </package>
      <package name="components.heading.components">
        <metrics statements="2" coveredstatements="2" conditionals="0" coveredconditionals="0" methods="1" coveredmethods="1"/>
        <file name="Heading.vue" path="/Users/jelle/Sites-2020/pagie.co/focus-ui/src/components/heading/components/Heading.vue">
          <metrics statements="2" coveredstatements="2" conditionals="0" coveredconditionals="0" methods="1" coveredmethods="1"/>
          <line num="3" count="3" type="stmt"/>
          <line num="20" count="2" type="stmt"/>
        </file>
      </package>
      <package name="components.icon">
        <metrics statements="0" coveredstatements="0" conditionals="0" coveredconditionals="0" methods="0" coveredmethods="0"/>
        <file name="index.js" path="/Users/jelle/Sites-2020/pagie.co/focus-ui/src/components/icon/index.js">
          <metrics statements="0" coveredstatements="0" conditionals="0" coveredconditionals="0" methods="0" coveredmethods="0"/>
        </file>
      </package>
      <package name="components.icon.components">
        <metrics statements="4" coveredstatements="4" conditionals="0" coveredconditionals="0" methods="0" coveredmethods="0"/>
        <file name="Icon.vue" path="/Users/jelle/Sites-2020/pagie.co/focus-ui/src/components/icon/components/Icon.vue">
          <metrics statements="4" coveredstatements="4" conditionals="0" coveredconditionals="0" methods="0" coveredmethods="0"/>
          <line num="3" count="4" type="stmt"/>
          <line num="4" count="4" type="stmt"/>
          <line num="5" count="4" type="stmt"/>
          <line num="7" count="4" type="stmt"/>
        </file>
      </package>
      <package name="components.input-label">
        <metrics statements="0" coveredstatements="0" conditionals="0" coveredconditionals="0" methods="0" coveredmethods="0"/>
        <file name="index.js" path="/Users/jelle/Sites-2020/pagie.co/focus-ui/src/components/input-label/index.js">
          <metrics statements="0" coveredstatements="0" conditionals="0" coveredconditionals="0" methods="0" coveredmethods="0"/>
        </file>
      </package>
      <package name="components.layout">
        <metrics statements="0" coveredstatements="0" conditionals="0" coveredconditionals="0" methods="0" coveredmethods="0"/>
        <file name="index.js" path="/Users/jelle/Sites-2020/pagie.co/focus-ui/src/components/layout/index.js">
          <metrics statements="0" coveredstatements="0" conditionals="0" coveredconditionals="0" methods="0" coveredmethods="0"/>
        </file>
      </package>
      <package name="components.layout.components">
        <metrics statements="7" coveredstatements="4" conditionals="2" coveredconditionals="0" methods="2" coveredmethods="0"/>
        <file name="AnnotatedSection.vue" path="/Users/jelle/Sites-2020/pagie.co/focus-ui/src/components/layout/components/AnnotatedSection.vue">
          <metrics statements="2" coveredstatements="2" conditionals="0" coveredconditionals="0" methods="0" coveredmethods="0"/>
          <line num="3" count="2" type="stmt"/>
          <line num="4" count="2" type="stmt"/>
        </file>
        <file name="Layout.vue" path="/Users/jelle/Sites-2020/pagie.co/focus-ui/src/components/layout/components/Layout.vue">
          <metrics statements="3" coveredstatements="1" conditionals="2" coveredconditionals="0" methods="1" coveredmethods="0"/>
          <line num="3" count="2" type="stmt"/>
          <line num="19" count="0" type="cond" truecount="0" falsecount="2"/>
          <line num="23" count="0" type="stmt"/>
        </file>
        <file name="Section.vue" path="/Users/jelle/Sites-2020/pagie.co/focus-ui/src/components/layout/components/Section.vue">
          <metrics statements="2" coveredstatements="1" conditionals="0" coveredconditionals="0" methods="1" coveredmethods="0"/>
          <line num="3" count="2" type="stmt"/>
          <line num="30" count="0" type="stmt"/>
        </file>
      </package>
      <package name="components.link">
        <metrics statements="0" coveredstatements="0" conditionals="0" coveredconditionals="0" methods="0" coveredmethods="0"/>
        <file name="index.js" path="/Users/jelle/Sites-2020/pagie.co/focus-ui/src/components/link/index.js">
          <metrics statements="0" coveredstatements="0" conditionals="0" coveredconditionals="0" methods="0" coveredmethods="0"/>
        </file>
      </package>
      <package name="components.link.components">
        <metrics statements="9" coveredstatements="1" conditionals="4" coveredconditionals="0" methods="2" coveredmethods="0"/>
        <file name="Link.vue" path="/Users/jelle/Sites-2020/pagie.co/focus-ui/src/components/link/components/Link.vue">
          <metrics statements="9" coveredstatements="1" conditionals="4" coveredconditionals="0" methods="2" coveredmethods="0"/>
          <line num="3" count="2" type="stmt"/>
          <line num="26" count="0" type="stmt"/>
          <line num="28" count="0" type="cond" truecount="0" falsecount="2"/>
          <line num="29" count="0" type="stmt"/>
          <line num="30" count="0" type="stmt"/>
          <line num="33" count="0" type="stmt"/>
          <line num="44" count="0" type="cond" truecount="0" falsecount="2"/>
          <line num="45" count="0" type="stmt"/>
          <line num="51" count="0" type="stmt"/>
        </file>
      </package>
      <package name="components.list">
        <metrics statements="0" coveredstatements="0" conditionals="0" coveredconditionals="0" methods="0" coveredmethods="0"/>
        <file name="index.js" path="/Users/jelle/Sites-2020/pagie.co/focus-ui/src/components/list/index.js">
          <metrics statements="0" coveredstatements="0" conditionals="0" coveredconditionals="0" methods="0" coveredmethods="0"/>
        </file>
      </package>
      <package name="components.list.components">
        <metrics statements="5" coveredstatements="2" conditionals="2" coveredconditionals="0" methods="3" coveredmethods="0"/>
        <file name="List.vue" path="/Users/jelle/Sites-2020/pagie.co/focus-ui/src/components/list/components/List.vue">
          <metrics statements="5" coveredstatements="2" conditionals="2" coveredconditionals="0" methods="3" coveredmethods="0"/>
          <line num="3" count="2" type="stmt"/>
          <line num="5" count="2" type="stmt"/>
          <line num="18" count="0" type="stmt"/>
          <line num="26" count="0" type="stmt"/>
          <line num="33" count="0" type="cond" truecount="0" falsecount="2"/>
        </file>
      </package>
      <package name="components.modal">
        <metrics statements="0" coveredstatements="0" conditionals="0" coveredconditionals="0" methods="0" coveredmethods="0"/>
        <file name="index.js" path="/Users/jelle/Sites-2020/pagie.co/focus-ui/src/components/modal/index.js">
          <metrics statements="0" coveredstatements="0" conditionals="0" coveredconditionals="0" methods="0" coveredmethods="0"/>
        </file>
      </package>
      <package name="components.navigation">
        <metrics statements="0" coveredstatements="0" conditionals="0" coveredconditionals="0" methods="0" coveredmethods="0"/>
        <file name="index.js" path="/Users/jelle/Sites-2020/pagie.co/focus-ui/src/components/navigation/index.js">
          <metrics statements="0" coveredstatements="0" conditionals="0" coveredconditionals="0" methods="0" coveredmethods="0"/>
        </file>
      </package>
      <package name="components.navigation.components">
        <metrics statements="2" coveredstatements="1" conditionals="0" coveredconditionals="0" methods="1" coveredmethods="0"/>
        <file name="Section.vue" path="/Users/jelle/Sites-2020/pagie.co/focus-ui/src/components/navigation/components/Section.vue">
          <metrics statements="2" coveredstatements="1" conditionals="0" coveredconditionals="0" methods="1" coveredmethods="0"/>
          <line num="3" count="2" type="stmt"/>
          <line num="24" count="0" type="stmt"/>
        </file>
      </package>
      <package name="components.page">
        <metrics statements="0" coveredstatements="0" conditionals="0" coveredconditionals="0" methods="0" coveredmethods="0"/>
        <file name="index.js" path="/Users/jelle/Sites-2020/pagie.co/focus-ui/src/components/page/index.js">
          <metrics statements="0" coveredstatements="0" conditionals="0" coveredconditionals="0" methods="0" coveredmethods="0"/>
        </file>
      </package>
      <package name="components.page.components">
        <metrics statements="10" coveredstatements="8" conditionals="0" coveredconditionals="0" methods="2" coveredmethods="0"/>
        <file name="Page.vue" path="/Users/jelle/Sites-2020/pagie.co/focus-ui/src/components/page/components/Page.vue">
          <metrics statements="5" coveredstatements="4" conditionals="0" coveredconditionals="0" methods="1" coveredmethods="0"/>
          <line num="3" count="2" type="stmt"/>
          <line num="4" count="2" type="stmt"/>
          <line num="5" count="2" type="stmt"/>
          <line num="6" count="2" type="stmt"/>
          <line num="35" count="0" type="stmt"/>
        </file>
        <file name="PrimaryAction.vue" path="/Users/jelle/Sites-2020/pagie.co/focus-ui/src/components/page/components/PrimaryAction.vue">
          <metrics statements="3" coveredstatements="2" conditionals="0" coveredconditionals="0" methods="1" coveredmethods="0"/>
          <line num="3" count="2" type="stmt"/>
          <line num="4" count="2" type="stmt"/>
          <line num="19" count="0" type="stmt"/>
        </file>
        <file name="SecondaryActions.vue" path="/Users/jelle/Sites-2020/pagie.co/focus-ui/src/components/page/components/SecondaryActions.vue">
          <metrics statements="2" coveredstatements="2" conditionals="0" coveredconditionals="0" methods="0" coveredmethods="0"/>
          <line num="3" count="2" type="stmt"/>
          <line num="4" count="2" type="stmt"/>
        </file>
      </package>
      <package name="components.popover">
        <metrics statements="0" coveredstatements="0" conditionals="0" coveredconditionals="0" methods="0" coveredmethods="0"/>
        <file name="index.js" path="/Users/jelle/Sites-2020/pagie.co/focus-ui/src/components/popover/index.js">
          <metrics statements="0" coveredstatements="0" conditionals="0" coveredconditionals="0" methods="0" coveredmethods="0"/>
        </file>
      </package>
      <package name="components.popover.components">
        <metrics statements="39" coveredstatements="20" conditionals="23" coveredconditionals="5" methods="11" coveredmethods="5"/>
        <file name="Popover.vue" path="/Users/jelle/Sites-2020/pagie.co/focus-ui/src/components/popover/components/Popover.vue">
          <metrics statements="39" coveredstatements="20" conditionals="23" coveredconditionals="5" methods="11" coveredmethods="5"/>
          <line num="3" count="2" type="stmt"/>
          <line num="4" count="2" type="stmt"/>
          <line num="6" count="2" type="stmt"/>
          <line num="28" count="4" type="stmt"/>
          <line num="40" count="4" type="stmt"/>
          <line num="48" count="6" type="stmt"/>
          <line num="62" count="0" type="stmt"/>
          <line num="65" count="0" type="cond" truecount="0" falsecount="2"/>
          <line num="66" count="0" type="stmt"/>
          <line num="69" count="0" type="cond" truecount="0" falsecount="5"/>
          <line num="70" count="0" type="stmt"/>
          <line num="80" count="0" type="cond" truecount="0" falsecount="2"/>
          <line num="86" count="0" type="cond" truecount="0" falsecount="2"/>
          <line num="87" count="0" type="stmt"/>
          <line num="89" count="0" type="cond" truecount="0" falsecount="2"/>
          <line num="90" count="0" type="stmt"/>
          <line num="92" count="0" type="stmt"/>
          <line num="99" count="1" type="cond" truecount="2" falsecount="0"/>
          <line num="100" count="1" type="cond" truecount="1" falsecount="1"/>
          <line num="101" count="0" type="stmt"/>
          <line num="104" count="1" type="stmt"/>
          <line num="105" count="1" type="stmt"/>
          <line num="106" count="1" type="stmt"/>
          <line num="107" count="1" type="stmt"/>
          <line num="109" count="1" type="cond" truecount="1" falsecount="1"/>
          <line num="110" count="0" type="stmt"/>
          <line num="113" count="1" type="stmt"/>
          <line num="122" count="0" type="stmt"/>
          <line num="125" count="0" type="stmt"/>
          <line num="137" count="1" type="cond" truecount="1" falsecount="1"/>
          <line num="138" count="0" type="stmt"/>
          <line num="141" count="1" type="stmt"/>
          <line num="143" count="1" type="stmt"/>
          <line num="144" count="1" type="stmt"/>
          <line num="146" count="1" type="stmt"/>
          <line num="147" count="1" type="stmt"/>
          <line num="156" count="0" type="stmt"/>
          <line num="158" count="0" type="stmt"/>
          <line num="162" count="0" type="cond" truecount="0" falsecount="2"/>
        </file>
      </package>
      <package name="components.select">
        <metrics statements="0" coveredstatements="0" conditionals="0" coveredconditionals="0" methods="0" coveredmethods="0"/>
        <file name="index.js" path="/Users/jelle/Sites-2020/pagie.co/focus-ui/src/components/select/index.js">
          <metrics statements="0" coveredstatements="0" conditionals="0" coveredconditionals="0" methods="0" coveredmethods="0"/>
        </file>
      </package>
      <package name="components.select.components">
        <metrics statements="8" coveredstatements="8" conditionals="4" coveredconditionals="4" methods="4" coveredmethods="4"/>
        <file name="Select.vue" path="/Users/jelle/Sites-2020/pagie.co/focus-ui/src/components/select/components/Select.vue">
          <metrics statements="8" coveredstatements="8" conditionals="4" coveredconditionals="4" methods="4" coveredmethods="4"/>
          <line num="3" count="3" type="stmt"/>
          <line num="60" count="8" type="stmt"/>
          <line num="72" count="9" type="stmt"/>
          <line num="79" count="9" type="stmt"/>
          <line num="80" count="9" type="stmt"/>
          <line num="85" count="9" type="stmt"/>
          <line num="87" count="9" type="cond" truecount="4" falsecount="0"/>
          <line num="88" count="2" type="stmt"/>
        </file>
      </package>
      <package name="components.skeleton-body-text">
        <metrics statements="0" coveredstatements="0" conditionals="0" coveredconditionals="0" methods="0" coveredmethods="0"/>
        <file name="index.js" path="/Users/jelle/Sites-2020/pagie.co/focus-ui/src/components/skeleton-body-text/index.js">
          <metrics statements="0" coveredstatements="0" conditionals="0" coveredconditionals="0" methods="0" coveredmethods="0"/>
        </file>
      </package>
      <package name="components.skeleton-body-text.components">
        <metrics statements="4" coveredstatements="0" conditionals="0" coveredconditionals="0" methods="1" coveredmethods="0"/>
        <file name="SkeletonBodyText.vue" path="/Users/jelle/Sites-2020/pagie.co/focus-ui/src/components/skeleton-body-text/components/SkeletonBodyText.vue">
          <metrics statements="4" coveredstatements="0" conditionals="0" coveredconditionals="0" methods="1" coveredmethods="0"/>
          <line num="15" count="0" type="stmt"/>
          <line num="17" count="0" type="stmt"/>
          <line num="18" count="0" type="stmt"/>
          <line num="23" count="0" type="stmt"/>
        </file>
      </package>
      <package name="components.skeleton-display-text">
        <metrics statements="0" coveredstatements="0" conditionals="0" coveredconditionals="0" methods="0" coveredmethods="0"/>
        <file name="index.js" path="/Users/jelle/Sites-2020/pagie.co/focus-ui/src/components/skeleton-display-text/index.js">
          <metrics statements="0" coveredstatements="0" conditionals="0" coveredconditionals="0" methods="0" coveredmethods="0"/>
        </file>
      </package>
      <package name="components.skeleton-display-text.components">
        <metrics statements="4" coveredstatements="2" conditionals="0" coveredconditionals="0" methods="2" coveredmethods="0"/>
        <file name="SkeletonDisplayText.vue" path="/Users/jelle/Sites-2020/pagie.co/focus-ui/src/components/skeleton-display-text/components/SkeletonDisplayText.vue">
          <metrics statements="4" coveredstatements="2" conditionals="0" coveredconditionals="0" methods="2" coveredmethods="0"/>
          <line num="3" count="2" type="stmt"/>
          <line num="5" count="2" type="stmt"/>
          <line num="20" count="0" type="stmt"/>
          <line num="28" count="0" type="stmt"/>
        </file>
      </package>
      <package name="components.spinner">
        <metrics statements="0" coveredstatements="0" conditionals="0" coveredconditionals="0" methods="0" coveredmethods="0"/>
        <file name="index.js" path="/Users/jelle/Sites-2020/pagie.co/focus-ui/src/components/spinner/index.js">
          <metrics statements="0" coveredstatements="0" conditionals="0" coveredconditionals="0" methods="0" coveredmethods="0"/>
        </file>
      </package>
      <package name="components.stack">
        <metrics statements="0" coveredstatements="0" conditionals="0" coveredconditionals="0" methods="0" coveredmethods="0"/>
        <file name="index.js" path="/Users/jelle/Sites-2020/pagie.co/focus-ui/src/components/stack/index.js">
          <metrics statements="0" coveredstatements="0" conditionals="0" coveredconditionals="0" methods="0" coveredmethods="0"/>
        </file>
      </package>
      <package name="components.stack.components">
        <metrics statements="10" coveredstatements="3" conditionals="2" coveredconditionals="0" methods="5" coveredmethods="0"/>
        <file name="Stack.vue" path="/Users/jelle/Sites-2020/pagie.co/focus-ui/src/components/stack/components/Stack.vue">
          <metrics statements="10" coveredstatements="3" conditionals="2" coveredconditionals="0" methods="5" coveredmethods="0"/>
          <line num="3" count="2" type="stmt"/>
          <line num="5" count="2" type="stmt"/>
          <line num="13" count="2" type="stmt"/>
          <line num="29" count="0" type="stmt"/>
          <line num="40" count="0" type="stmt"/>
          <line num="64" count="0" type="stmt"/>
          <line num="75" count="0" type="cond" truecount="0" falsecount="2"/>
          <line num="76" count="0" type="stmt"/>
          <line num="79" count="0" type="stmt"/>
          <line num="83" count="0" type="stmt"/>
        </file>
      </package>
      <package name="components.sub-heading">
        <metrics statements="0" coveredstatements="0" conditionals="0" coveredconditionals="0" methods="0" coveredmethods="0"/>
        <file name="index.js" path="/Users/jelle/Sites-2020/pagie.co/focus-ui/src/components/sub-heading/index.js">
          <metrics statements="0" coveredstatements="0" conditionals="0" coveredconditionals="0" methods="0" coveredmethods="0"/>
        </file>
      </package>
      <package name="components.sub-heading.components">
        <metrics statements="2" coveredstatements="1" conditionals="0" coveredconditionals="0" methods="1" coveredmethods="0"/>
        <file name="SubHeading.vue" path="/Users/jelle/Sites-2020/pagie.co/focus-ui/src/components/sub-heading/components/SubHeading.vue">
          <metrics statements="2" coveredstatements="1" conditionals="0" coveredconditionals="0" methods="1" coveredmethods="0"/>
          <line num="3" count="2" type="stmt"/>
          <line num="20" count="0" type="stmt"/>
        </file>
      </package>
      <package name="components.text-container">
        <metrics statements="0" coveredstatements="0" conditionals="0" coveredconditionals="0" methods="0" coveredmethods="0"/>
        <file name="index.js" path="/Users/jelle/Sites-2020/pagie.co/focus-ui/src/components/text-container/index.js">
          <metrics statements="0" coveredstatements="0" conditionals="0" coveredconditionals="0" methods="0" coveredmethods="0"/>
        </file>
      </package>
      <package name="components.text-container.components">
        <metrics statements="4" coveredstatements="2" conditionals="0" coveredconditionals="0" methods="2" coveredmethods="0"/>
        <file name="TextContainer.vue" path="/Users/jelle/Sites-2020/pagie.co/focus-ui/src/components/text-container/components/TextContainer.vue">
          <metrics statements="4" coveredstatements="2" conditionals="0" coveredconditionals="0" methods="2" coveredmethods="0"/>
          <line num="3" count="2" type="stmt"/>
          <line num="5" count="2" type="stmt"/>
          <line num="17" count="0" type="stmt"/>
          <line num="26" count="0" type="stmt"/>
        </file>
      </package>
      <package name="components.text-field">
        <metrics statements="0" coveredstatements="0" conditionals="0" coveredconditionals="0" methods="0" coveredmethods="0"/>
        <file name="index.js" path="/Users/jelle/Sites-2020/pagie.co/focus-ui/src/components/text-field/index.js">
          <metrics statements="0" coveredstatements="0" conditionals="0" coveredconditionals="0" methods="0" coveredmethods="0"/>
        </file>
      </package>
      <package name="components.text-field.components">
        <metrics statements="12" coveredstatements="12" conditionals="4" coveredconditionals="4" methods="6" coveredmethods="6"/>
        <file name="TextField.vue" path="/Users/jelle/Sites-2020/pagie.co/focus-ui/src/components/text-field/components/TextField.vue">
          <metrics statements="12" coveredstatements="12" conditionals="4" coveredconditionals="4" methods="6" coveredmethods="6"/>
          <line num="3" count="3" type="stmt"/>
          <line num="4" count="3" type="stmt"/>
          <line num="6" count="3" type="stmt"/>
          <line num="95" count="22" type="stmt"/>
          <line num="114" count="16" type="cond" truecount="2" falsecount="0"/>
          <line num="115" count="10" type="stmt"/>
          <line num="125" count="14" type="stmt"/>
          <line num="132" count="14" type="stmt"/>
          <line num="140" count="1" type="stmt"/>
          <line num="141" count="1" type="stmt"/>
          <line num="145" count="3" type="cond" truecount="2" falsecount="0"/>
          <line num="146" count="2" type="stmt"/>
        </file>
      </package>
      <package name="components.thumbnail">
        <metrics statements="0" coveredstatements="0" conditionals="0" coveredconditionals="0" methods="0" coveredmethods="0"/>
        <file name="index.js" path="/Users/jelle/Sites-2020/pagie.co/focus-ui/src/components/thumbnail/index.js">
          <metrics statements="0" coveredstatements="0" conditionals="0" coveredconditionals="0" methods="0" coveredmethods="0"/>
        </file>
      </package>
      <package name="components.thumbnail.components">
        <metrics statements="3" coveredstatements="3" conditionals="0" coveredconditionals="0" methods="2" coveredmethods="2"/>
        <file name="Thumbnail.vue" path="/Users/jelle/Sites-2020/pagie.co/focus-ui/src/components/thumbnail/components/Thumbnail.vue">
          <metrics statements="3" coveredstatements="3" conditionals="0" coveredconditionals="0" methods="2" coveredmethods="2"/>
          <line num="3" count="3" type="stmt"/>
          <line num="25" count="4" type="stmt"/>
          <line num="41" count="4" type="stmt"/>
        </file>
      </package>
      <package name="components.tooltip">
        <metrics statements="0" coveredstatements="0" conditionals="0" coveredconditionals="0" methods="0" coveredmethods="0"/>
        <file name="index.js" path="/Users/jelle/Sites-2020/pagie.co/focus-ui/src/components/tooltip/index.js">
          <metrics statements="0" coveredstatements="0" conditionals="0" coveredconditionals="0" methods="0" coveredmethods="0"/>
        </file>
      </package>
      <package name="components.tooltip.components">
        <metrics statements="7" coveredstatements="2" conditionals="0" coveredconditionals="0" methods="5" coveredmethods="0"/>
        <file name="Tooltip.vue" path="/Users/jelle/Sites-2020/pagie.co/focus-ui/src/components/tooltip/components/Tooltip.vue">
          <metrics statements="7" coveredstatements="2" conditionals="0" coveredconditionals="0" methods="5" coveredmethods="0"/>
          <line num="3" count="2" type="stmt"/>
          <line num="5" count="2" type="stmt"/>
          <line num="36" count="0" type="stmt"/>
          <line num="43" count="0" type="stmt"/>
          <line num="48" count="0" type="stmt"/>
          <line num="54" count="0" type="stmt"/>
          <line num="58" count="0" type="stmt"/>
        </file>
      </package>
      <package name="components.top-bar">
        <metrics statements="0" coveredstatements="0" conditionals="0" coveredconditionals="0" methods="0" coveredmethods="0"/>
        <file name="index.js" path="/Users/jelle/Sites-2020/pagie.co/focus-ui/src/components/top-bar/index.js">
          <metrics statements="0" coveredstatements="0" conditionals="0" coveredconditionals="0" methods="0" coveredmethods="0"/>
        </file>
      </package>
      <package name="components.top-bar.components">
        <metrics statements="7" coveredstatements="2" conditionals="4" coveredconditionals="0" methods="4" coveredmethods="0"/>
        <file name="SearchField.vue" path="/Users/jelle/Sites-2020/pagie.co/focus-ui/src/components/top-bar/components/SearchField.vue">
          <metrics statements="6" coveredstatements="1" conditionals="4" coveredconditionals="0" methods="4" coveredmethods="0"/>
          <line num="3" count="2" type="stmt"/>
          <line num="9" count="0" type="stmt"/>
          <line num="13" count="0" type="stmt"/>
          <line num="18" count="0" type="cond" truecount="0" falsecount="4"/>
          <line num="19" count="0" type="stmt"/>
          <line num="25" count="0" type="stmt"/>
        </file>
        <file name="TopBar.vue" path="/Users/jelle/Sites-2020/pagie.co/focus-ui/src/components/top-bar/components/TopBar.vue">
          <metrics statements="1" coveredstatements="1" conditionals="0" coveredconditionals="0" methods="0" coveredmethods="0"/>
          <line num="3" count="2" type="stmt"/>
        </file>
      </package>
      <package name="components.visually-hidden">
        <metrics statements="0" coveredstatements="0" conditionals="0" coveredconditionals="0" methods="0" coveredmethods="0"/>
        <file name="index.js" path="/Users/jelle/Sites-2020/pagie.co/focus-ui/src/components/visually-hidden/index.js">
          <metrics statements="0" coveredstatements="0" conditionals="0" coveredconditionals="0" methods="0" coveredmethods="0"/>
        </file>
      </package>
    </metrics>
  </project>
</coverage>
