{"/Users/jelle/Sites-2020/pagie.co/focus-ui/src/components/index.js": {"path":"/Users/jelle/Sites-2020/pagie.co/focus-ui/src/components/index.js","statementMap":{},"fnMap":{},"branchMap":{},"s":{},"f":{},"b":{},"_coverageSchema":"332fd63041d2c1bcb487cc26dd0d5f7d97098a6c","hash":"8fe2e34855fecedab5d899d20c5ee94a5f2c63f3"}
,"/Users/jelle/Sites-2020/pagie.co/focus-ui/src/components/avatar/index.js": {"path":"/Users/jelle/Sites-2020/pagie.co/focus-ui/src/components/avatar/index.js","statementMap":{},"fnMap":{},"branchMap":{},"s":{},"f":{},"b":{},"_coverageSchema":"332fd63041d2c1bcb487cc26dd0d5f7d97098a6c","hash":"049ffa5c6f4b9b05f374d306361f2d76e9c8336c"}
,"/Users/jelle/Sites-2020/pagie.co/focus-ui/src/components/avatar/components/Avatar.vue": {"path":"/Users/jelle/Sites-2020/pagie.co/focus-ui/src/components/avatar/components/Avatar.vue","statementMap":{"0":{"start":{"line":3,"column":0},"end":{"line":null,"column":-1}},"1":{"start":{"line":42,"column":0},"end":{"line":44,"column":0}},"2":{"start":{"line":49,"column":0},"end":{"line":null,"column":-1}},"3":{"start":{"line":51,"column":0},"end":{"line":53,"column":0}},"4":{"start":{"line":52,"column":0},"end":{"line":null,"column":-1}},"5":{"start":{"line":55,"column":0},"end":{"line":null,"column":-1}}},"fnMap":{"0":{"name":"classList","decl":{"start":{"line":41,"column":0},"end":{"line":null,"column":-1}},"loc":{"start":{"line":41,"column":0},"end":{"line":46,"column":0}}},"1":{"name":"initials","decl":{"start":{"line":48,"column":0},"end":{"line":null,"column":-1}},"loc":{"start":{"line":48,"column":0},"end":{"line":56,"column":0}}}},"branchMap":{"0":{"loc":{"start":{"line":51,"column":0},"end":{"line":53,"column":0}},"type":"if","locations":[{"start":{"line":51,"column":0},"end":{"line":53,"column":0}},{"start":{"line":51,"column":0},"end":{"line":53,"column":0}}]}},"s":{"0":3,"1":7,"2":5,"3":5,"4":1,"5":5},"f":{"0":7,"1":5},"b":{"0":[1,4]}}
,"/Users/jelle/Sites-2020/pagie.co/focus-ui/src/components/badge/index.js": {"path":"/Users/jelle/Sites-2020/pagie.co/focus-ui/src/components/badge/index.js","statementMap":{},"fnMap":{},"branchMap":{},"s":{},"f":{},"b":{},"_coverageSchema":"332fd63041d2c1bcb487cc26dd0d5f7d97098a6c","hash":"08941c05a4376c62c305e61f16ccffe139730965"}
,"/Users/jelle/Sites-2020/pagie.co/focus-ui/src/components/badge/components/Badge.vue": {"path":"/Users/jelle/Sites-2020/pagie.co/focus-ui/src/components/badge/components/Badge.vue","statementMap":{"0":{"start":{"line":3,"column":0},"end":{"line":null,"column":-1}},"1":{"start":{"line":4,"column":0},"end":{"line":null,"column":-1}},"2":{"start":{"line":6,"column":0},"end":{"line":null,"column":-1}},"3":{"start":{"line":11,"column":0},"end":{"line":null,"column":-1}},"4":{"start":{"line":27,"column":0},"end":{"line":null,"column":-1}},"5":{"start":{"line":38,"column":0},"end":{"line":null,"column":-1}},"6":{"start":{"line":47,"column":0},"end":{"line":null,"column":-1}}},"fnMap":{"0":{"name":"valdator","decl":{"start":{"line":27,"column":0},"end":{"line":null,"column":-1}},"loc":{"start":{"line":27,"column":0},"end":{"line":null,"column":-1}}},"1":{"name":"valdator","decl":{"start":{"line":38,"column":0},"end":{"line":null,"column":-1}},"loc":{"start":{"line":38,"column":0},"end":{"line":null,"column":-1}}},"2":{"name":"classList","decl":{"start":{"line":46,"column":0},"end":{"line":null,"column":-1}},"loc":{"start":{"line":46,"column":0},"end":{"line":52,"column":0}}}},"branchMap":{},"s":{"0":2,"1":2,"2":2,"3":2,"4":0,"5":0,"6":0},"f":{"0":0,"1":0,"2":0},"b":{}}
,"/Users/jelle/Sites-2020/pagie.co/focus-ui/src/components/banner/index.js": {"path":"/Users/jelle/Sites-2020/pagie.co/focus-ui/src/components/banner/index.js","statementMap":{},"fnMap":{},"branchMap":{},"s":{},"f":{},"b":{},"_coverageSchema":"332fd63041d2c1bcb487cc26dd0d5f7d97098a6c","hash":"dd058401b3999961240c3595d1817895e03e705d"}
,"/Users/jelle/Sites-2020/pagie.co/focus-ui/src/components/banner/components/Banner.vue": {"path":"/Users/jelle/Sites-2020/pagie.co/focus-ui/src/components/banner/components/Banner.vue","statementMap":{"0":{"start":{"line":3,"column":0},"end":{"line":null,"column":-1}},"1":{"start":{"line":4,"column":0},"end":{"line":null,"column":-1}},"2":{"start":{"line":5,"column":0},"end":{"line":null,"column":-1}},"3":{"start":{"line":6,"column":0},"end":{"line":null,"column":-1}},"4":{"start":{"line":8,"column":0},"end":{"line":null,"column":-1}},"5":{"start":{"line":38,"column":0},"end":{"line":null,"column":-1}},"6":{"start":{"line":53,"column":0},"end":{"line":null,"column":-1}},"7":{"start":{"line":65,"column":0},"end":{"line":null,"column":-1}},"8":{"start":{"line":70,"column":0},"end":{"line":null,"column":-1}},"9":{"start":{"line":77,"column":0},"end":{"line":null,"column":-1}},"10":{"start":{"line":83,"column":0},"end":{"line":null,"column":-1}}},"fnMap":{"0":{"name":"validator","decl":{"start":{"line":38,"column":0},"end":{"line":null,"column":-1}},"loc":{"start":{"line":38,"column":0},"end":{"line":null,"column":-1}}},"1":{"name":"data","decl":{"start":{"line":52,"column":0},"end":{"line":null,"column":-1}},"loc":{"start":{"line":52,"column":0},"end":{"line":56,"column":0}}},"2":{"name":"mounted","decl":{"start":{"line":64,"column":0},"end":{"line":null,"column":-1}},"loc":{"start":{"line":64,"column":0},"end":{"line":66,"column":0}}},"3":{"name":"classList","decl":{"start":{"line":69,"column":0},"end":{"line":null,"column":-1}},"loc":{"start":{"line":69,"column":0},"end":{"line":74,"column":0}}},"4":{"name":"bannerRole","decl":{"start":{"line":76,"column":0},"end":{"line":null,"column":-1}},"loc":{"start":{"line":76,"column":0},"end":{"line":80,"column":0}}},"5":{"name":"ariaDescribedBy","decl":{"start":{"line":82,"column":0},"end":{"line":null,"column":-1}},"loc":{"start":{"line":82,"column":0},"end":{"line":86,"column":0}}}},"branchMap":{"0":{"loc":{"start":{"line":77,"column":0},"end":{"line":null,"column":-1}},"type":"cond-expr","locations":[{"start":{"line":77,"column":0},"end":{"line":null,"column":-1}},{"start":{"line":77,"column":0},"end":{"line":null,"column":-1}}]},"1":{"loc":{"start":{"line":83,"column":0},"end":{"line":null,"column":-1}},"type":"cond-expr","locations":[{"start":{"line":83,"column":0},"end":{"line":null,"column":-1}},{"start":{"line":83,"column":0},"end":{"line":null,"column":-1}}]}},"s":{"0":3,"1":3,"2":3,"3":3,"4":3,"5":10,"6":9,"7":9,"8":9,"9":9,"10":18},"f":{"0":10,"1":9,"2":9,"3":9,"4":9,"5":18},"b":{"0":[11,15],"1":[2,16]}}
,"/Users/jelle/Sites-2020/pagie.co/focus-ui/src/components/banner/components/PrimaryAction.vue": {"path":"/Users/jelle/Sites-2020/pagie.co/focus-ui/src/components/banner/components/PrimaryAction.vue","statementMap":{"0":{"start":{"line":3,"column":0},"end":{"line":null,"column":-1}},"1":{"start":{"line":4,"column":0},"end":{"line":null,"column":-1}},"2":{"start":{"line":18,"column":0},"end":{"line":null,"column":-1}}},"fnMap":{"0":{"name":"buttonProps","decl":{"start":{"line":17,"column":0},"end":{"line":null,"column":-1}},"loc":{"start":{"line":17,"column":0},"end":{"line":19,"column":0}}}},"branchMap":{},"s":{"0":3,"1":3,"2":0},"f":{"0":0},"b":{}}
,"/Users/jelle/Sites-2020/pagie.co/focus-ui/src/components/button/index.js": {"path":"/Users/jelle/Sites-2020/pagie.co/focus-ui/src/components/button/index.js","statementMap":{},"fnMap":{},"branchMap":{},"s":{},"f":{},"b":{},"_coverageSchema":"332fd63041d2c1bcb487cc26dd0d5f7d97098a6c","hash":"1e14124f85a53cc88a0fc52c6b60daab7336a3be"}
,"/Users/jelle/Sites-2020/pagie.co/focus-ui/src/components/button-group/index.js": {"path":"/Users/jelle/Sites-2020/pagie.co/focus-ui/src/components/button-group/index.js","statementMap":{},"fnMap":{},"branchMap":{},"s":{},"f":{},"b":{},"_coverageSchema":"332fd63041d2c1bcb487cc26dd0d5f7d97098a6c","hash":"250496d5d6cb894cb97fbd239af0324ef36869d3"}
,"/Users/jelle/Sites-2020/pagie.co/focus-ui/src/components/button-group/components/ButtonGroup.vue": {"path":"/Users/jelle/Sites-2020/pagie.co/focus-ui/src/components/button-group/components/ButtonGroup.vue","statementMap":{"0":{"start":{"line":3,"column":0},"end":{"line":null,"column":-1}},"1":{"start":{"line":28,"column":0},"end":{"line":31,"column":0}}},"fnMap":{"0":{"name":"classList","decl":{"start":{"line":27,"column":0},"end":{"line":null,"column":-1}},"loc":{"start":{"line":27,"column":0},"end":{"line":33,"column":0}}}},"branchMap":{},"s":{"0":3,"1":4},"f":{"0":4},"b":{}}
,"/Users/jelle/Sites-2020/pagie.co/focus-ui/src/components/button/components/Button.vue": {"path":"/Users/jelle/Sites-2020/pagie.co/focus-ui/src/components/button/components/Button.vue","statementMap":{"0":{"start":{"line":3,"column":0},"end":{"line":null,"column":-1}},"1":{"start":{"line":4,"column":0},"end":{"line":null,"column":-1}},"2":{"start":{"line":115,"column":0},"end":{"line":122,"column":0}},"3":{"start":{"line":127,"column":0},"end":{"line":null,"column":-1}},"4":{"start":{"line":131,"column":0},"end":{"line":null,"column":-1}},"5":{"start":{"line":135,"column":0},"end":{"line":null,"column":-1}},"6":{"start":{"line":149,"column":0},"end":{"line":null,"column":-1}},"7":{"start":{"line":164,"column":0},"end":{"line":null,"column":-1}},"8":{"start":{"line":166,"column":0},"end":{"line":null,"column":-1}},"9":{"start":{"line":170,"column":0},"end":{"line":null,"column":-1}}},"fnMap":{"0":{"name":"classList","decl":{"start":{"line":114,"column":0},"end":{"line":null,"column":-1}},"loc":{"start":{"line":114,"column":0},"end":{"line":124,"column":0}}},"1":{"name":"isDisabled","decl":{"start":{"line":126,"column":0},"end":{"line":null,"column":-1}},"loc":{"start":{"line":126,"column":0},"end":{"line":128,"column":0}}},"2":{"name":"buttonType","decl":{"start":{"line":130,"column":0},"end":{"line":null,"column":-1}},"loc":{"start":{"line":130,"column":0},"end":{"line":132,"column":0}}},"3":{"name":"anchorAttrs","decl":{"start":{"line":134,"column":0},"end":{"line":null,"column":-1}},"loc":{"start":{"line":134,"column":0},"end":{"line":146,"column":0}}},"4":{"name":"buttonAttrs","decl":{"start":{"line":148,"column":0},"end":{"line":null,"column":-1}},"loc":{"start":{"line":148,"column":0},"end":{"line":160,"column":0}}},"5":{"name":"render","decl":{"start":{"line":163,"column":0},"end":{"line":null,"column":-1}},"loc":{"start":{"line":163,"column":0},"end":{"line":175,"column":0}}}},"branchMap":{"0":{"loc":{"start":{"line":127,"column":0},"end":{"line":null,"column":-1}},"type":"binary-expr","locations":[{"start":{"line":127,"column":0},"end":{"line":null,"column":-1}},{"start":{"line":127,"column":0},"end":{"line":null,"column":-1}}]},"1":{"loc":{"start":{"line":131,"column":0},"end":{"line":null,"column":-1}},"type":"cond-expr","locations":[{"start":{"line":131,"column":0},"end":{"line":null,"column":-1}},{"start":{"line":131,"column":0},"end":{"line":null,"column":-1}}]},"2":{"loc":{"start":{"line":142,"column":0},"end":{"line":null,"column":-1}},"type":"cond-expr","locations":[{"start":{"line":142,"column":0},"end":{"line":null,"column":-1}},{"start":{"line":142,"column":0},"end":{"line":null,"column":-1}}]},"3":{"loc":{"start":{"line":170,"column":0},"end":{"line":null,"column":-1}},"type":"cond-expr","locations":[{"start":{"line":170,"column":0},"end":{"line":null,"column":-1}},{"start":{"line":170,"column":0},"end":{"line":null,"column":-1}}]},"4":{"loc":{"start":{"line":171,"column":0},"end":{"line":null,"column":-1}},"type":"cond-expr","locations":[{"start":{"line":171,"column":0},"end":{"line":null,"column":-1}},{"start":{"line":171,"column":0},"end":{"line":null,"column":-1}}]}},"s":{"0":5,"1":5,"2":16,"3":16,"4":14,"5":2,"6":14,"7":16,"8":16,"9":16},"f":{"0":16,"1":16,"2":14,"3":2,"4":14,"5":16},"b":{"0":[16,15],"1":[1,13],"2":[1,1],"3":[3,29],"4":[2,14]}}
,"/Users/jelle/Sites-2020/pagie.co/focus-ui/src/components/card/index.js": {"path":"/Users/jelle/Sites-2020/pagie.co/focus-ui/src/components/card/index.js","statementMap":{},"fnMap":{},"branchMap":{},"s":{},"f":{},"b":{},"_coverageSchema":"332fd63041d2c1bcb487cc26dd0d5f7d97098a6c","hash":"3a8590ffa0452663f7fd88c767e6d38fdabf370f"}
,"/Users/jelle/Sites-2020/pagie.co/focus-ui/src/components/card/components/Card.vue": {"path":"/Users/jelle/Sites-2020/pagie.co/focus-ui/src/components/card/components/Card.vue","statementMap":{"0":{"start":{"line":3,"column":0},"end":{"line":null,"column":-1}},"1":{"start":{"line":4,"column":0},"end":{"line":null,"column":-1}},"2":{"start":{"line":31,"column":0},"end":{"line":33,"column":0}},"3":{"start":{"line":39,"column":0},"end":{"line":null,"column":-1}}},"fnMap":{"0":{"name":"classList","decl":{"start":{"line":30,"column":0},"end":{"line":null,"column":-1}},"loc":{"start":{"line":30,"column":0},"end":{"line":35,"column":0}}},"1":{"name":"render","decl":{"start":{"line":38,"column":0},"end":{"line":null,"column":-1}},"loc":{"start":{"line":38,"column":0},"end":{"line":44,"column":0}}}},"branchMap":{"0":{"loc":{"start":{"line":39,"column":0},"end":{"line":null,"column":-1}},"type":"cond-expr","locations":[{"start":{"line":39,"column":0},"end":{"line":null,"column":-1}},{"start":{"line":39,"column":0},"end":{"line":null,"column":-1}}]}},"s":{"0":4,"1":4,"2":5,"3":8},"f":{"0":5,"1":8},"b":{"0":[6,2]}}
,"/Users/jelle/Sites-2020/pagie.co/focus-ui/src/components/card/components/CardSection.vue": {"path":"/Users/jelle/Sites-2020/pagie.co/focus-ui/src/components/card/components/CardSection.vue","statementMap":{"0":{"start":{"line":3,"column":0},"end":{"line":null,"column":-1}},"1":{"start":{"line":35,"column":0},"end":{"line":38,"column":0}}},"fnMap":{"0":{"name":"classList","decl":{"start":{"line":34,"column":0},"end":{"line":null,"column":-1}},"loc":{"start":{"line":34,"column":0},"end":{"line":40,"column":0}}}},"branchMap":{},"s":{"0":4,"1":4},"f":{"0":4},"b":{}}
,"/Users/jelle/Sites-2020/pagie.co/focus-ui/src/components/color-picker/index.js": {"path":"/Users/jelle/Sites-2020/pagie.co/focus-ui/src/components/color-picker/index.js","statementMap":{},"fnMap":{},"branchMap":{},"s":{},"f":{},"b":{},"_coverageSchema":"332fd63041d2c1bcb487cc26dd0d5f7d97098a6c","hash":"f4c231b982210e77ae6f2c715eefa4f50f2787bd"}
,"/Users/jelle/Sites-2020/pagie.co/focus-ui/src/components/color-picker/components/ColorPicker.vue": {"path":"/Users/jelle/Sites-2020/pagie.co/focus-ui/src/components/color-picker/components/ColorPicker.vue","statementMap":{"0":{"start":{"line":3,"column":0},"end":{"line":null,"column":-1}},"1":{"start":{"line":4,"column":0},"end":{"line":null,"column":-1}},"2":{"start":{"line":36,"column":0},"end":{"line":null,"column":-1}},"3":{"start":{"line":44,"column":0},"end":{"line":null,"column":-1}},"4":{"start":{"line":48,"column":0},"end":{"line":null,"column":-1}},"5":{"start":{"line":49,"column":0},"end":{"line":null,"column":-1}},"6":{"start":{"line":54,"column":0},"end":{"line":null,"column":-1}},"7":{"start":{"line":59,"column":0},"end":{"line":null,"column":-1}},"8":{"start":{"line":60,"column":0},"end":{"line":null,"column":-1}},"9":{"start":{"line":61,"column":0},"end":{"line":null,"column":-1}},"10":{"start":{"line":65,"column":0},"end":{"line":null,"column":-1}},"11":{"start":{"line":66,"column":0},"end":{"line":72,"column":0}},"12":{"start":{"line":67,"column":0},"end":{"line":null,"column":-1}},"13":{"start":{"line":68,"column":0},"end":{"line":null,"column":-1}},"14":{"start":{"line":70,"column":0},"end":{"line":null,"column":-1}},"15":{"start":{"line":71,"column":0},"end":{"line":null,"column":-1}},"16":{"start":{"line":75,"column":0},"end":{"line":null,"column":-1}},"17":{"start":{"line":76,"column":0},"end":{"line":81,"column":0}},"18":{"start":{"line":77,"column":0},"end":{"line":null,"column":-1}},"19":{"start":{"line":79,"column":0},"end":{"line":null,"column":-1}},"20":{"start":{"line":80,"column":0},"end":{"line":null,"column":-1}},"21":{"start":{"line":84,"column":0},"end":{"line":null,"column":-1}},"22":{"start":{"line":85,"column":0},"end":{"line":90,"column":0}},"23":{"start":{"line":86,"column":0},"end":{"line":null,"column":-1}},"24":{"start":{"line":88,"column":0},"end":{"line":null,"column":-1}},"25":{"start":{"line":89,"column":0},"end":{"line":null,"column":-1}},"26":{"start":{"line":94,"column":0},"end":{"line":null,"column":-1}},"27":{"start":{"line":96,"column":0},"end":{"line":null,"column":-1}},"28":{"start":{"line":105,"column":0},"end":{"line":null,"column":-1}},"29":{"start":{"line":107,"column":0},"end":{"line":null,"column":-1}},"30":{"start":{"line":116,"column":0},"end":{"line":null,"column":-1}},"31":{"start":{"line":118,"column":0},"end":{"line":null,"column":-1}},"32":{"start":{"line":127,"column":0},"end":{"line":null,"column":-1}},"33":{"start":{"line":129,"column":0},"end":{"line":null,"column":-1}},"34":{"start":{"line":130,"column":0},"end":{"line":null,"column":-1}},"35":{"start":{"line":132,"column":0},"end":{"line":null,"column":-1}},"36":{"start":{"line":133,"column":0},"end":{"line":null,"column":-1}},"37":{"start":{"line":137,"column":0},"end":{"line":null,"column":-1}},"38":{"start":{"line":138,"column":0},"end":{"line":null,"column":-1}},"39":{"start":{"line":140,"column":0},"end":{"line":null,"column":-1}},"40":{"start":{"line":144,"column":0},"end":{"line":149,"column":0}},"41":{"start":{"line":145,"column":0},"end":{"line":null,"column":-1}},"42":{"start":{"line":146,"column":0},"end":{"line":null,"column":-1}},"43":{"start":{"line":148,"column":0},"end":{"line":null,"column":-1}}},"fnMap":{"0":{"name":"data","decl":{"start":{"line":35,"column":0},"end":{"line":null,"column":-1}},"loc":{"start":{"line":35,"column":0},"end":{"line":39,"column":0}}},"1":{"name":"get","decl":{"start":{"line":43,"column":0},"end":{"line":null,"column":-1}},"loc":{"start":{"line":43,"column":0},"end":{"line":45,"column":0}}},"2":{"name":"set","decl":{"start":{"line":47,"column":0},"end":{"line":null,"column":-1}},"loc":{"start":{"line":47,"column":0},"end":{"line":50,"column":0}}},"3":{"name":"saturation","decl":{"start":{"line":53,"column":0},"end":{"line":null,"column":-1}},"loc":{"start":{"line":53,"column":0},"end":{"line":55,"column":0}}},"4":{"name":"mounted","decl":{"start":{"line":58,"column":0},"end":{"line":null,"column":-1}},"loc":{"start":{"line":58,"column":0},"end":{"line":62,"column":0}}},"5":{"name":"handleSaturation","decl":{"start":{"line":65,"column":0},"end":{"line":null,"column":-1}},"loc":{"start":{"line":65,"column":0},"end":{"line":73,"column":0}}},"6":{"name":"(anonymous_7)","decl":{"start":{"line":66,"column":0},"end":{"line":null,"column":-1}},"loc":{"start":{"line":66,"column":0},"end":{"line":72,"column":0}}},"7":{"name":"handleHue","decl":{"start":{"line":75,"column":0},"end":{"line":null,"column":-1}},"loc":{"start":{"line":75,"column":0},"end":{"line":82,"column":0}}},"8":{"name":"(anonymous_9)","decl":{"start":{"line":76,"column":0},"end":{"line":null,"column":-1}},"loc":{"start":{"line":76,"column":0},"end":{"line":81,"column":0}}},"9":{"name":"handleAlpha","decl":{"start":{"line":84,"column":0},"end":{"line":null,"column":-1}},"loc":{"start":{"line":84,"column":0},"end":{"line":91,"column":0}}},"10":{"name":"(anonymous_11)","decl":{"start":{"line":85,"column":0},"end":{"line":null,"column":-1}},"loc":{"start":{"line":85,"column":0},"end":{"line":90,"column":0}}},"11":{"name":"setSaturation","decl":{"start":{"line":93,"column":0},"end":{"line":null,"column":-1}},"loc":{"start":{"line":93,"column":0},"end":{"line":102,"column":0}}},"12":{"name":"setHue","decl":{"start":{"line":104,"column":0},"end":{"line":null,"column":-1}},"loc":{"start":{"line":104,"column":0},"end":{"line":113,"column":0}}},"13":{"name":"setAlpha","decl":{"start":{"line":115,"column":0},"end":{"line":null,"column":-1}},"loc":{"start":{"line":115,"column":0},"end":{"line":124,"column":0}}},"14":{"name":"updateSaturationDragger","decl":{"start":{"line":126,"column":0},"end":{"line":null,"column":-1}},"loc":{"start":{"line":126,"column":0},"end":{"line":134,"column":0}}},"15":{"name":"updateHueRuler","decl":{"start":{"line":136,"column":0},"end":{"line":null,"column":-1}},"loc":{"start":{"line":136,"column":0},"end":{"line":141,"column":0}}},"16":{"name":"updateAlphaRuler","decl":{"start":{"line":143,"column":0},"end":{"line":null,"column":-1}},"loc":{"start":{"line":143,"column":0},"end":{"line":150,"column":0}}}},"branchMap":{"0":{"loc":{"start":{"line":144,"column":0},"end":{"line":149,"column":0}},"type":"if","locations":[{"start":{"line":144,"column":0},"end":{"line":149,"column":0}},{"start":{"line":144,"column":0},"end":{"line":149,"column":0}}]}},"s":{"0":3,"1":3,"2":5,"3":6,"4":1,"5":1,"6":6,"7":5,"8":5,"9":5,"10":0,"11":0,"12":0,"13":0,"14":0,"15":0,"16":0,"17":0,"18":0,"19":0,"20":0,"21":0,"22":0,"23":0,"24":0,"25":0,"26":0,"27":0,"28":0,"29":0,"30":0,"31":0,"32":5,"33":5,"34":5,"35":5,"36":5,"37":5,"38":5,"39":5,"40":5,"41":4,"42":4,"43":4},"f":{"0":5,"1":6,"2":1,"3":6,"4":5,"5":0,"6":0,"7":0,"8":0,"9":0,"10":0,"11":0,"12":0,"13":0,"14":5,"15":5,"16":5},"b":{"0":[4,1]}}
,"/Users/jelle/Sites-2020/pagie.co/focus-ui/src/components/connected-field/index.js": {"path":"/Users/jelle/Sites-2020/pagie.co/focus-ui/src/components/connected-field/index.js","statementMap":{},"fnMap":{},"branchMap":{},"s":{},"f":{},"b":{},"_coverageSchema":"332fd63041d2c1bcb487cc26dd0d5f7d97098a6c","hash":"c1587fc9ed3578f0186f84c8bd8881072e1db48f"}
,"/Users/jelle/Sites-2020/pagie.co/focus-ui/src/components/connected-field/components/ConnectedField.vue": {"path":"/Users/jelle/Sites-2020/pagie.co/focus-ui/src/components/connected-field/components/ConnectedField.vue","statementMap":{"0":{"start":{"line":3,"column":0},"end":{"line":null,"column":-1}},"1":{"start":{"line":6,"column":0},"end":{"line":null,"column":-1}},"2":{"start":{"line":7,"column":0},"end":{"line":null,"column":-1}},"3":{"start":{"line":11,"column":0},"end":{"line":null,"column":-1}},"4":{"start":{"line":13,"column":0},"end":{"line":15,"column":0}},"5":{"start":{"line":14,"column":0},"end":{"line":null,"column":-1}},"6":{"start":{"line":17,"column":0},"end":{"line":19,"column":0}},"7":{"start":{"line":18,"column":0},"end":{"line":null,"column":-1}},"8":{"start":{"line":24,"column":0},"end":{"line":null,"column":-1}},"9":{"start":{"line":31,"column":0},"end":{"line":null,"column":-1}}},"fnMap":{"0":{"name":"mounted","decl":{"start":{"line":6,"column":0},"end":{"line":null,"column":-1}},"loc":{"start":{"line":6,"column":0},"end":{"line":20,"column":0}}},"1":{"name":"(anonymous_2)","decl":{"start":{"line":13,"column":0},"end":{"line":null,"column":-1}},"loc":{"start":{"line":13,"column":0},"end":{"line":15,"column":0}}},"2":{"name":"(anonymous_3)","decl":{"start":{"line":17,"column":0},"end":{"line":null,"column":-1}},"loc":{"start":{"line":17,"column":0},"end":{"line":19,"column":0}}},"3":{"name":"leftClassList","decl":{"start":{"line":23,"column":0},"end":{"line":null,"column":-1}},"loc":{"start":{"line":23,"column":0},"end":{"line":28,"column":0}}},"4":{"name":"rightClassList","decl":{"start":{"line":30,"column":0},"end":{"line":null,"column":-1}},"loc":{"start":{"line":30,"column":0},"end":{"line":35,"column":0}}}},"branchMap":{},"s":{"0":2,"1":0,"2":0,"3":0,"4":0,"5":0,"6":0,"7":0,"8":0,"9":0},"f":{"0":0,"1":0,"2":0,"3":0,"4":0},"b":{}}
,"/Users/jelle/Sites-2020/pagie.co/focus-ui/src/components/data-table/index.js": {"path":"/Users/jelle/Sites-2020/pagie.co/focus-ui/src/components/data-table/index.js","statementMap":{},"fnMap":{},"branchMap":{},"s":{},"f":{},"b":{},"_coverageSchema":"332fd63041d2c1bcb487cc26dd0d5f7d97098a6c","hash":"32b5b8a57215cb9a1dbd1a391a17cbb7ee7c82ef"}
,"/Users/jelle/Sites-2020/pagie.co/focus-ui/src/components/data-table/components/Cell.vue": {"path":"/Users/jelle/Sites-2020/pagie.co/focus-ui/src/components/data-table/components/Cell.vue","statementMap":{"0":{"start":{"line":3,"column":0},"end":{"line":null,"column":-1}},"1":{"start":{"line":4,"column":0},"end":{"line":null,"column":-1}},"2":{"start":{"line":5,"column":0},"end":{"line":null,"column":-1}},"3":{"start":{"line":24,"column":0},"end":{"line":null,"column":-1}},"4":{"start":{"line":63,"column":0},"end":{"line":68,"column":0}},"5":{"start":{"line":73,"column":0},"end":{"line":null,"column":-1}},"6":{"start":{"line":78,"column":0},"end":{"line":null,"column":-1}},"7":{"start":{"line":91,"column":0},"end":{"line":null,"column":-1}},"8":{"start":{"line":96,"column":0},"end":{"line":null,"column":-1}},"9":{"start":{"line":97,"column":0},"end":{"line":109,"column":0}},"10":{"start":{"line":98,"column":0},"end":{"line":null,"column":-1}},"11":{"start":{"line":103,"column":0},"end":{"line":null,"column":-1}},"12":{"start":{"line":106,"column":0},"end":{"line":null,"column":-1}},"13":{"start":{"line":111,"column":0},"end":{"line":null,"column":-1}},"14":{"start":{"line":115,"column":0},"end":{"line":117,"column":0}},"15":{"start":{"line":116,"column":0},"end":{"line":null,"column":-1}},"16":{"start":{"line":119,"column":0},"end":{"line":null,"column":-1}},"17":{"start":{"line":123,"column":0},"end":{"line":127,"column":0}},"18":{"start":{"line":124,"column":0},"end":{"line":null,"column":-1}},"19":{"start":{"line":129,"column":0},"end":{"line":null,"column":-1}}},"fnMap":{"0":{"name":"validator","decl":{"start":{"line":24,"column":0},"end":{"line":null,"column":-1}},"loc":{"start":{"line":24,"column":0},"end":{"line":null,"column":-1}}},"1":{"name":"classList","decl":{"start":{"line":62,"column":0},"end":{"line":null,"column":-1}},"loc":{"start":{"line":62,"column":0},"end":{"line":70,"column":0}}},"2":{"name":"columnType","decl":{"start":{"line":72,"column":0},"end":{"line":null,"column":-1}},"loc":{"start":{"line":72,"column":0},"end":{"line":74,"column":0}}},"3":{"name":"render","decl":{"start":{"line":77,"column":0},"end":{"line":null,"column":-1}},"loc":{"start":{"line":77,"column":0},"end":{"line":87,"column":0}}},"4":{"name":"getTotalsColumn","decl":{"start":{"line":90,"column":0},"end":{"line":null,"column":-1}},"loc":{"start":{"line":90,"column":0},"end":{"line":94,"column":0}}},"5":{"name":"getSortableHeaderButton","decl":{"start":{"line":96,"column":0},"end":{"line":null,"column":-1}},"loc":{"start":{"line":96,"column":0},"end":{"line":112,"column":0}}},"6":{"name":"click","decl":{"start":{"line":106,"column":0},"end":{"line":null,"column":-1}},"loc":{"start":{"line":106,"column":0},"end":{"line":null,"column":-1}}},"7":{"name":"getStringContents","decl":{"start":{"line":114,"column":0},"end":{"line":null,"column":-1}},"loc":{"start":{"line":114,"column":0},"end":{"line":120,"column":0}}},"8":{"name":"getObjectContents","decl":{"start":{"line":122,"column":0},"end":{"line":null,"column":-1}},"loc":{"start":{"line":122,"column":0},"end":{"line":130,"column":0}}}},"branchMap":{"0":{"loc":{"start":{"line":73,"column":0},"end":{"line":null,"column":-1}},"type":"cond-expr","locations":[{"start":{"line":73,"column":0},"end":{"line":null,"column":-1}},{"start":{"line":73,"column":0},"end":{"line":null,"column":-1}}]},"1":{"loc":{"start":{"line":91,"column":0},"end":{"line":null,"column":-1}},"type":"cond-expr","locations":[{"start":{"line":91,"column":0},"end":{"line":null,"column":-1}},{"start":{"line":91,"column":0},"end":{"line":null,"column":-1}}]},"2":{"loc":{"start":{"line":97,"column":0},"end":{"line":109,"column":0}},"type":"if","locations":[{"start":{"line":97,"column":0},"end":{"line":109,"column":0}},{"start":{"line":97,"column":0},"end":{"line":109,"column":0}}]},"3":{"loc":{"start":{"line":115,"column":0},"end":{"line":117,"column":0}},"type":"if","locations":[{"start":{"line":115,"column":0},"end":{"line":117,"column":0}},{"start":{"line":115,"column":0},"end":{"line":117,"column":0}}]},"4":{"loc":{"start":{"line":115,"column":0},"end":{"line":null,"column":-1}},"type":"binary-expr","locations":[{"start":{"line":115,"column":0},"end":{"line":null,"column":-1}},{"start":{"line":115,"column":0},"end":{"line":null,"column":-1}}]},"5":{"loc":{"start":{"line":123,"column":0},"end":{"line":127,"column":0}},"type":"if","locations":[{"start":{"line":123,"column":0},"end":{"line":127,"column":0}},{"start":{"line":123,"column":0},"end":{"line":127,"column":0}}]},"6":{"loc":{"start":{"line":123,"column":0},"end":{"line":null,"column":-1}},"type":"binary-expr","locations":[{"start":{"line":123,"column":0},"end":{"line":null,"column":-1}},{"start":{"line":123,"column":0},"end":{"line":null,"column":-1}}]}},"s":{"0":2,"1":2,"2":2,"3":0,"4":0,"5":0,"6":0,"7":0,"8":0,"9":0,"10":0,"11":0,"12":0,"13":0,"14":0,"15":0,"16":0,"17":0,"18":0,"19":0},"f":{"0":0,"1":0,"2":0,"3":0,"4":0,"5":0,"6":0,"7":0,"8":0},"b":{"0":[0,0],"1":[0,0],"2":[0,0],"3":[0,0],"4":[0,0],"5":[0,0],"6":[0,0]}}
,"/Users/jelle/Sites-2020/pagie.co/focus-ui/src/components/data-table/components/DataTable.vue": {"path":"/Users/jelle/Sites-2020/pagie.co/focus-ui/src/components/data-table/components/DataTable.vue","statementMap":{"0":{"start":{"line":3,"column":0},"end":{"line":null,"column":-1}},"1":{"start":{"line":5,"column":0},"end":{"line":null,"column":-1}},"2":{"start":{"line":10,"column":0},"end":{"line":null,"column":-1}},"3":{"start":{"line":25,"column":0},"end":{"line":null,"column":-1}},"4":{"start":{"line":34,"column":0},"end":{"line":null,"column":-1}},"5":{"start":{"line":88,"column":0},"end":{"line":null,"column":-1}},"6":{"start":{"line":95,"column":0},"end":{"line":null,"column":-1}},"7":{"start":{"line":100,"column":0},"end":{"line":104,"column":0}},"8":{"start":{"line":101,"column":0},"end":{"line":null,"column":-1}},"9":{"start":{"line":106,"column":0},"end":{"line":null,"column":-1}},"10":{"start":{"line":108,"column":0},"end":{"line":null,"column":-1}}},"fnMap":{"0":{"name":"validator","decl":{"start":{"line":25,"column":0},"end":{"line":null,"column":-1}},"loc":{"start":{"line":25,"column":0},"end":{"line":null,"column":-1}}},"1":{"name":"validator","decl":{"start":{"line":34,"column":0},"end":{"line":null,"column":-1}},"loc":{"start":{"line":34,"column":0},"end":{"line":null,"column":-1}}},"2":{"name":"data","decl":{"start":{"line":87,"column":0},"end":{"line":null,"column":-1}},"loc":{"start":{"line":87,"column":0},"end":{"line":92,"column":0}}},"3":{"name":"mounted","decl":{"start":{"line":94,"column":0},"end":{"line":null,"column":-1}},"loc":{"start":{"line":94,"column":0},"end":{"line":96,"column":0}}},"4":{"name":"onSort","decl":{"start":{"line":99,"column":0},"end":{"line":null,"column":-1}},"loc":{"start":{"line":99,"column":0},"end":{"line":112,"column":0}}}},"branchMap":{"0":{"loc":{"start":{"line":100,"column":0},"end":{"line":104,"column":0}},"type":"if","locations":[{"start":{"line":100,"column":0},"end":{"line":104,"column":0}},{"start":{"line":100,"column":0},"end":{"line":104,"column":0}}]},"1":{"loc":{"start":{"line":101,"column":0},"end":{"line":null,"column":-1}},"type":"cond-expr","locations":[{"start":{"line":101,"column":0},"end":{"line":null,"column":-1}},{"start":{"line":101,"column":0},"end":{"line":null,"column":-1}}]}},"s":{"0":2,"1":2,"2":2,"3":0,"4":0,"5":0,"6":0,"7":0,"8":0,"9":0,"10":0},"f":{"0":0,"1":0,"2":0,"3":0,"4":0},"b":{"0":[0,0],"1":[0,0]}}
,"/Users/jelle/Sites-2020/pagie.co/focus-ui/src/components/display-text/index.js": {"path":"/Users/jelle/Sites-2020/pagie.co/focus-ui/src/components/display-text/index.js","statementMap":{},"fnMap":{},"branchMap":{},"s":{},"f":{},"b":{},"_coverageSchema":"332fd63041d2c1bcb487cc26dd0d5f7d97098a6c","hash":"126f108c989d359f37f610b6dde00600cd8aed6f"}
,"/Users/jelle/Sites-2020/pagie.co/focus-ui/src/components/display-text/components/DisplayText.vue": {"path":"/Users/jelle/Sites-2020/pagie.co/focus-ui/src/components/display-text/components/DisplayText.vue","statementMap":{"0":{"start":{"line":3,"column":0},"end":{"line":null,"column":-1}},"1":{"start":{"line":5,"column":0},"end":{"line":null,"column":-1}},"2":{"start":{"line":15,"column":0},"end":{"line":null,"column":-1}},"3":{"start":{"line":29,"column":0},"end":{"line":null,"column":-1}},"4":{"start":{"line":37,"column":0},"end":{"line":null,"column":-1}},"5":{"start":{"line":45,"column":0},"end":{"line":null,"column":-1}}},"fnMap":{"0":{"name":"validator","decl":{"start":{"line":29,"column":0},"end":{"line":null,"column":-1}},"loc":{"start":{"line":29,"column":0},"end":{"line":null,"column":-1}}},"1":{"name":"validator","decl":{"start":{"line":37,"column":0},"end":{"line":null,"column":-1}},"loc":{"start":{"line":37,"column":0},"end":{"line":null,"column":-1}}},"2":{"name":"classList","decl":{"start":{"line":44,"column":0},"end":{"line":null,"column":-1}},"loc":{"start":{"line":44,"column":0},"end":{"line":49,"column":0}}}},"branchMap":{},"s":{"0":2,"1":2,"2":2,"3":11,"4":8,"5":4},"f":{"0":11,"1":8,"2":4},"b":{}}
,"/Users/jelle/Sites-2020/pagie.co/focus-ui/src/components/filters/index.js": {"path":"/Users/jelle/Sites-2020/pagie.co/focus-ui/src/components/filters/index.js","statementMap":{},"fnMap":{},"branchMap":{},"s":{},"f":{},"b":{},"_coverageSchema":"332fd63041d2c1bcb487cc26dd0d5f7d97098a6c","hash":"6d4c57dec0b19041f6684f9dbc245a7354cfd50c"}
,"/Users/jelle/Sites-2020/pagie.co/focus-ui/src/components/form/index.js": {"path":"/Users/jelle/Sites-2020/pagie.co/focus-ui/src/components/form/index.js","statementMap":{},"fnMap":{},"branchMap":{},"s":{},"f":{},"b":{},"_coverageSchema":"332fd63041d2c1bcb487cc26dd0d5f7d97098a6c","hash":"82eefad8cb64e43255103e21e319cb28b2e554ea"}
,"/Users/jelle/Sites-2020/pagie.co/focus-ui/src/components/form-layout/index.js": {"path":"/Users/jelle/Sites-2020/pagie.co/focus-ui/src/components/form-layout/index.js","statementMap":{},"fnMap":{},"branchMap":{},"s":{},"f":{},"b":{},"_coverageSchema":"332fd63041d2c1bcb487cc26dd0d5f7d97098a6c","hash":"779f3930f28e8f390f39777d87dafdb1b55b3c94"}
,"/Users/jelle/Sites-2020/pagie.co/focus-ui/src/components/form-layout/components/FormLayout.vue": {"path":"/Users/jelle/Sites-2020/pagie.co/focus-ui/src/components/form-layout/components/FormLayout.vue","statementMap":{"0":{"start":{"line":3,"column":0},"end":{"line":null,"column":-1}},"1":{"start":{"line":10,"column":0},"end":{"line":null,"column":-1}},"2":{"start":{"line":17,"column":0},"end":{"line":19,"column":0}},"3":{"start":{"line":18,"column":0},"end":{"line":null,"column":-1}},"4":{"start":{"line":23,"column":0},"end":{"line":null,"column":-1}},"5":{"start":{"line":23,"column":0},"end":{"line":24,"column":0}},"6":{"start":{"line":29,"column":0},"end":{"line":null,"column":-1}}},"fnMap":{"0":{"name":"class_list","decl":{"start":{"line":9,"column":0},"end":{"line":null,"column":-1}},"loc":{"start":{"line":9,"column":0},"end":{"line":13,"column":0}}},"1":{"name":"render","decl":{"start":{"line":16,"column":0},"end":{"line":null,"column":-1}},"loc":{"start":{"line":16,"column":0},"end":{"line":30,"column":0}}},"2":{"name":"(anonymous_3)","decl":{"start":{"line":23,"column":0},"end":{"line":null,"column":-1}},"loc":{"start":{"line":23,"column":0},"end":{"line":null,"column":-1}}}},"branchMap":{"0":{"loc":{"start":{"line":17,"column":0},"end":{"line":19,"column":0}},"type":"if","locations":[{"start":{"line":17,"column":0},"end":{"line":19,"column":0}},{"start":{"line":17,"column":0},"end":{"line":19,"column":0}}]}},"s":{"0":3,"1":2,"2":2,"3":1,"4":2,"5":2,"6":2},"f":{"0":2,"1":2,"2":2},"b":{"0":[1,1]}}
,"/Users/jelle/Sites-2020/pagie.co/focus-ui/src/components/form/components/Form.vue": {"path":"/Users/jelle/Sites-2020/pagie.co/focus-ui/src/components/form/components/Form.vue","statementMap":{"0":{"start":{"line":3,"column":0},"end":{"line":null,"column":-1}},"1":{"start":{"line":9,"column":0},"end":{"line":null,"column":-1}},"2":{"start":{"line":25,"column":0},"end":{"line":null,"column":-1}},"3":{"start":{"line":57,"column":0},"end":{"line":null,"column":-1}},"4":{"start":{"line":66,"column":0},"end":{"line":null,"column":-1}},"5":{"start":{"line":70,"column":0},"end":{"line":null,"column":-1}}},"fnMap":{"0":{"name":"validator","decl":{"start":{"line":25,"column":0},"end":{"line":null,"column":-1}},"loc":{"start":{"line":25,"column":0},"end":{"line":null,"column":-1}}},"1":{"name":"validator","decl":{"start":{"line":57,"column":0},"end":{"line":null,"column":-1}},"loc":{"start":{"line":57,"column":0},"end":{"line":null,"column":-1}}},"2":{"name":"formEnctype","decl":{"start":{"line":65,"column":0},"end":{"line":null,"column":-1}},"loc":{"start":{"line":65,"column":0},"end":{"line":67,"column":0}}},"3":{"name":"formAutocomplete","decl":{"start":{"line":69,"column":0},"end":{"line":null,"column":-1}},"loc":{"start":{"line":69,"column":0},"end":{"line":71,"column":0}}}},"branchMap":{"0":{"loc":{"start":{"line":70,"column":0},"end":{"line":null,"column":-1}},"type":"cond-expr","locations":[{"start":{"line":70,"column":0},"end":{"line":null,"column":-1}},{"start":{"line":70,"column":0},"end":{"line":null,"column":-1}}]}},"s":{"0":3,"1":3,"2":9,"3":5,"4":6,"5":6},"f":{"0":9,"1":5,"2":6,"3":6},"b":{"0":[1,5]}}
,"/Users/jelle/Sites-2020/pagie.co/focus-ui/src/components/frame/index.js": {"path":"/Users/jelle/Sites-2020/pagie.co/focus-ui/src/components/frame/index.js","statementMap":{},"fnMap":{},"branchMap":{},"s":{},"f":{},"b":{},"_coverageSchema":"332fd63041d2c1bcb487cc26dd0d5f7d97098a6c","hash":"7190faeb87ccfde4535fc99dac9180d51f41978f"}
,"/Users/jelle/Sites-2020/pagie.co/focus-ui/src/components/frame/components/Frame.vue": {"path":"/Users/jelle/Sites-2020/pagie.co/focus-ui/src/components/frame/components/Frame.vue","statementMap":{"0":{"start":{"line":3,"column":0},"end":{"line":null,"column":-1}},"1":{"start":{"line":8,"column":0},"end":{"line":10,"column":0}},"2":{"start":{"line":15,"column":0},"end":{"line":null,"column":-1}},"3":{"start":{"line":19,"column":0},"end":{"line":null,"column":-1}}},"fnMap":{"0":{"name":"classList","decl":{"start":{"line":7,"column":0},"end":{"line":null,"column":-1}},"loc":{"start":{"line":7,"column":0},"end":{"line":12,"column":0}}},"1":{"name":"hasTopBar","decl":{"start":{"line":14,"column":0},"end":{"line":null,"column":-1}},"loc":{"start":{"line":14,"column":0},"end":{"line":16,"column":0}}},"2":{"name":"hasNavigation","decl":{"start":{"line":18,"column":0},"end":{"line":null,"column":-1}},"loc":{"start":{"line":18,"column":0},"end":{"line":20,"column":0}}}},"branchMap":{},"s":{"0":2,"1":0,"2":0,"3":0},"f":{"0":0,"1":0,"2":0},"b":{}}
,"/Users/jelle/Sites-2020/pagie.co/focus-ui/src/components/heading/index.js": {"path":"/Users/jelle/Sites-2020/pagie.co/focus-ui/src/components/heading/index.js","statementMap":{},"fnMap":{},"branchMap":{},"s":{},"f":{},"b":{},"_coverageSchema":"332fd63041d2c1bcb487cc26dd0d5f7d97098a6c","hash":"f216af2031cd506d3139f7be149a5e01dbd180e3"}
,"/Users/jelle/Sites-2020/pagie.co/focus-ui/src/components/heading/components/Heading.vue": {"path":"/Users/jelle/Sites-2020/pagie.co/focus-ui/src/components/heading/components/Heading.vue","statementMap":{"0":{"start":{"line":3,"column":0},"end":{"line":null,"column":-1}},"1":{"start":{"line":20,"column":0},"end":{"line":null,"column":-1}}},"fnMap":{"0":{"name":"validator","decl":{"start":{"line":20,"column":0},"end":{"line":null,"column":-1}},"loc":{"start":{"line":20,"column":0},"end":{"line":null,"column":-1}}}},"branchMap":{},"s":{"0":3,"1":2},"f":{"0":2},"b":{}}
,"/Users/jelle/Sites-2020/pagie.co/focus-ui/src/components/icon/index.js": {"path":"/Users/jelle/Sites-2020/pagie.co/focus-ui/src/components/icon/index.js","statementMap":{},"fnMap":{},"branchMap":{},"s":{},"f":{},"b":{},"_coverageSchema":"332fd63041d2c1bcb487cc26dd0d5f7d97098a6c","hash":"c2bc5a3838ea5cef48b11feb401ba1dd9829417d"}
,"/Users/jelle/Sites-2020/pagie.co/focus-ui/src/components/icon/components/Icon.vue": {"path":"/Users/jelle/Sites-2020/pagie.co/focus-ui/src/components/icon/components/Icon.vue","statementMap":{"0":{"start":{"line":3,"column":0},"end":{"line":null,"column":-1}},"1":{"start":{"line":4,"column":0},"end":{"line":null,"column":-1}},"2":{"start":{"line":5,"column":0},"end":{"line":null,"column":-1}},"3":{"start":{"line":7,"column":0},"end":{"line":null,"column":-1}}},"fnMap":{},"branchMap":{},"s":{"0":4,"1":4,"2":4,"3":4},"f":{},"b":{}}
,"/Users/jelle/Sites-2020/pagie.co/focus-ui/src/components/input-label/index.js": {"path":"/Users/jelle/Sites-2020/pagie.co/focus-ui/src/components/input-label/index.js","statementMap":{},"fnMap":{},"branchMap":{},"s":{},"f":{},"b":{},"_coverageSchema":"332fd63041d2c1bcb487cc26dd0d5f7d97098a6c","hash":"393c1f071dad504e4bc5e7006d86fd422382a662"}
,"/Users/jelle/Sites-2020/pagie.co/focus-ui/src/components/layout/index.js": {"path":"/Users/jelle/Sites-2020/pagie.co/focus-ui/src/components/layout/index.js","statementMap":{},"fnMap":{},"branchMap":{},"s":{},"f":{},"b":{},"_coverageSchema":"332fd63041d2c1bcb487cc26dd0d5f7d97098a6c","hash":"acd75467dab20a671a7bff4bbdb1267cddede068"}
,"/Users/jelle/Sites-2020/pagie.co/focus-ui/src/components/layout/components/AnnotatedSection.vue": {"path":"/Users/jelle/Sites-2020/pagie.co/focus-ui/src/components/layout/components/AnnotatedSection.vue","statementMap":{"0":{"start":{"line":3,"column":0},"end":{"line":null,"column":-1}},"1":{"start":{"line":4,"column":0},"end":{"line":null,"column":-1}}},"fnMap":{},"branchMap":{},"s":{"0":2,"1":2},"f":{},"b":{}}
,"/Users/jelle/Sites-2020/pagie.co/focus-ui/src/components/layout/components/Layout.vue": {"path":"/Users/jelle/Sites-2020/pagie.co/focus-ui/src/components/layout/components/Layout.vue","statementMap":{"0":{"start":{"line":3,"column":0},"end":{"line":null,"column":-1}},"1":{"start":{"line":19,"column":0},"end":{"line":null,"column":-1}},"2":{"start":{"line":23,"column":0},"end":{"line":null,"column":-1}}},"fnMap":{"0":{"name":"render","decl":{"start":{"line":18,"column":0},"end":{"line":null,"column":-1}},"loc":{"start":{"line":18,"column":0},"end":{"line":24,"column":0}}}},"branchMap":{"0":{"loc":{"start":{"line":19,"column":0},"end":{"line":null,"column":-1}},"type":"cond-expr","locations":[{"start":{"line":19,"column":0},"end":{"line":null,"column":-1}},{"start":{"line":19,"column":0},"end":{"line":null,"column":-1}}]}},"s":{"0":2,"1":0,"2":0},"f":{"0":0},"b":{"0":[0,0]}}
,"/Users/jelle/Sites-2020/pagie.co/focus-ui/src/components/layout/components/Section.vue": {"path":"/Users/jelle/Sites-2020/pagie.co/focus-ui/src/components/layout/components/Section.vue","statementMap":{"0":{"start":{"line":3,"column":0},"end":{"line":null,"column":-1}},"1":{"start":{"line":30,"column":0},"end":{"line":35,"column":0}}},"fnMap":{"0":{"name":"classList","decl":{"start":{"line":29,"column":0},"end":{"line":null,"column":-1}},"loc":{"start":{"line":29,"column":0},"end":{"line":37,"column":0}}}},"branchMap":{},"s":{"0":2,"1":0},"f":{"0":0},"b":{}}
,"/Users/jelle/Sites-2020/pagie.co/focus-ui/src/components/link/index.js": {"path":"/Users/jelle/Sites-2020/pagie.co/focus-ui/src/components/link/index.js","statementMap":{},"fnMap":{},"branchMap":{},"s":{},"f":{},"b":{},"_coverageSchema":"332fd63041d2c1bcb487cc26dd0d5f7d97098a6c","hash":"8975963cad096a2208b2c0ef9256cc4d09049c0e"}
,"/Users/jelle/Sites-2020/pagie.co/focus-ui/src/components/link/components/Link.vue": {"path":"/Users/jelle/Sites-2020/pagie.co/focus-ui/src/components/link/components/Link.vue","statementMap":{"0":{"start":{"line":3,"column":0},"end":{"line":null,"column":-1}},"1":{"start":{"line":26,"column":0},"end":{"line":null,"column":-1}},"2":{"start":{"line":28,"column":0},"end":{"line":31,"column":0}},"3":{"start":{"line":29,"column":0},"end":{"line":null,"column":-1}},"4":{"start":{"line":30,"column":0},"end":{"line":null,"column":-1}},"5":{"start":{"line":33,"column":0},"end":{"line":null,"column":-1}},"6":{"start":{"line":44,"column":0},"end":{"line":49,"column":0}},"7":{"start":{"line":45,"column":0},"end":{"line":null,"column":-1}},"8":{"start":{"line":51,"column":0},"end":{"line":null,"column":-1}}},"fnMap":{"0":{"name":"render","decl":{"start":{"line":25,"column":0},"end":{"line":null,"column":-1}},"loc":{"start":{"line":25,"column":0},"end":{"line":40,"column":0}}},"1":{"name":"getIcon","decl":{"start":{"line":43,"column":0},"end":{"line":null,"column":-1}},"loc":{"start":{"line":43,"column":0},"end":{"line":52,"column":0}}}},"branchMap":{"0":{"loc":{"start":{"line":28,"column":0},"end":{"line":31,"column":0}},"type":"if","locations":[{"start":{"line":28,"column":0},"end":{"line":31,"column":0}},{"start":{"line":28,"column":0},"end":{"line":31,"column":0}}]},"1":{"loc":{"start":{"line":44,"column":0},"end":{"line":49,"column":0}},"type":"if","locations":[{"start":{"line":44,"column":0},"end":{"line":49,"column":0}},{"start":{"line":44,"column":0},"end":{"line":49,"column":0}}]}},"s":{"0":2,"1":0,"2":0,"3":0,"4":0,"5":0,"6":0,"7":0,"8":0},"f":{"0":0,"1":0},"b":{"0":[0,0],"1":[0,0]}}
,"/Users/jelle/Sites-2020/pagie.co/focus-ui/src/components/list/index.js": {"path":"/Users/jelle/Sites-2020/pagie.co/focus-ui/src/components/list/index.js","statementMap":{},"fnMap":{},"branchMap":{},"s":{},"f":{},"b":{},"_coverageSchema":"332fd63041d2c1bcb487cc26dd0d5f7d97098a6c","hash":"b8d929c3b1cc205c0c048eff2eecbdd61e9db10e"}
,"/Users/jelle/Sites-2020/pagie.co/focus-ui/src/components/list/components/List.vue": {"path":"/Users/jelle/Sites-2020/pagie.co/focus-ui/src/components/list/components/List.vue","statementMap":{"0":{"start":{"line":3,"column":0},"end":{"line":null,"column":-1}},"1":{"start":{"line":5,"column":0},"end":{"line":null,"column":-1}},"2":{"start":{"line":18,"column":0},"end":{"line":null,"column":-1}},"3":{"start":{"line":26,"column":0},"end":{"line":null,"column":-1}},"4":{"start":{"line":33,"column":0},"end":{"line":null,"column":-1}}},"fnMap":{"0":{"name":"validator","decl":{"start":{"line":18,"column":0},"end":{"line":null,"column":-1}},"loc":{"start":{"line":18,"column":0},"end":{"line":null,"column":-1}}},"1":{"name":"classList","decl":{"start":{"line":25,"column":0},"end":{"line":null,"column":-1}},"loc":{"start":{"line":25,"column":0},"end":{"line":30,"column":0}}},"2":{"name":"elementType","decl":{"start":{"line":32,"column":0},"end":{"line":null,"column":-1}},"loc":{"start":{"line":32,"column":0},"end":{"line":34,"column":0}}}},"branchMap":{"0":{"loc":{"start":{"line":33,"column":0},"end":{"line":null,"column":-1}},"type":"cond-expr","locations":[{"start":{"line":33,"column":0},"end":{"line":null,"column":-1}},{"start":{"line":33,"column":0},"end":{"line":null,"column":-1}}]}},"s":{"0":2,"1":2,"2":0,"3":0,"4":0},"f":{"0":0,"1":0,"2":0},"b":{"0":[0,0]}}
,"/Users/jelle/Sites-2020/pagie.co/focus-ui/src/components/modal/index.js": {"path":"/Users/jelle/Sites-2020/pagie.co/focus-ui/src/components/modal/index.js","statementMap":{},"fnMap":{},"branchMap":{},"s":{},"f":{},"b":{},"_coverageSchema":"332fd63041d2c1bcb487cc26dd0d5f7d97098a6c","hash":"7f61cf0d87ec71d78307e718f28e6b7069928616"}
,"/Users/jelle/Sites-2020/pagie.co/focus-ui/src/components/navigation/index.js": {"path":"/Users/jelle/Sites-2020/pagie.co/focus-ui/src/components/navigation/index.js","statementMap":{},"fnMap":{},"branchMap":{},"s":{},"f":{},"b":{},"_coverageSchema":"332fd63041d2c1bcb487cc26dd0d5f7d97098a6c","hash":"79baea62358ec6ee232a9e4ba43de90487c946b7"}
,"/Users/jelle/Sites-2020/pagie.co/focus-ui/src/components/navigation/components/Section.vue": {"path":"/Users/jelle/Sites-2020/pagie.co/focus-ui/src/components/navigation/components/Section.vue","statementMap":{"0":{"start":{"line":3,"column":0},"end":{"line":null,"column":-1}},"1":{"start":{"line":24,"column":0},"end":{"line":26,"column":0}}},"fnMap":{"0":{"name":"classList","decl":{"start":{"line":23,"column":0},"end":{"line":null,"column":-1}},"loc":{"start":{"line":23,"column":0},"end":{"line":28,"column":0}}}},"branchMap":{},"s":{"0":2,"1":0},"f":{"0":0},"b":{}}
,"/Users/jelle/Sites-2020/pagie.co/focus-ui/src/components/page/index.js": {"path":"/Users/jelle/Sites-2020/pagie.co/focus-ui/src/components/page/index.js","statementMap":{},"fnMap":{},"branchMap":{},"s":{},"f":{},"b":{},"_coverageSchema":"332fd63041d2c1bcb487cc26dd0d5f7d97098a6c","hash":"e31237e9d0b556c5279dbfb044a301c204d7d025"}
,"/Users/jelle/Sites-2020/pagie.co/focus-ui/src/components/page/components/Page.vue": {"path":"/Users/jelle/Sites-2020/pagie.co/focus-ui/src/components/page/components/Page.vue","statementMap":{"0":{"start":{"line":3,"column":0},"end":{"line":null,"column":-1}},"1":{"start":{"line":4,"column":0},"end":{"line":null,"column":-1}},"2":{"start":{"line":5,"column":0},"end":{"line":null,"column":-1}},"3":{"start":{"line":6,"column":0},"end":{"line":null,"column":-1}},"4":{"start":{"line":35,"column":0},"end":{"line":37,"column":0}}},"fnMap":{"0":{"name":"classList","decl":{"start":{"line":34,"column":0},"end":{"line":null,"column":-1}},"loc":{"start":{"line":34,"column":0},"end":{"line":39,"column":0}}}},"branchMap":{},"s":{"0":2,"1":2,"2":2,"3":2,"4":0},"f":{"0":0},"b":{}}
,"/Users/jelle/Sites-2020/pagie.co/focus-ui/src/components/page/components/PrimaryAction.vue": {"path":"/Users/jelle/Sites-2020/pagie.co/focus-ui/src/components/page/components/PrimaryAction.vue","statementMap":{"0":{"start":{"line":3,"column":0},"end":{"line":null,"column":-1}},"1":{"start":{"line":4,"column":0},"end":{"line":null,"column":-1}},"2":{"start":{"line":19,"column":0},"end":{"line":null,"column":-1}}},"fnMap":{"0":{"name":"buttonProps","decl":{"start":{"line":18,"column":0},"end":{"line":null,"column":-1}},"loc":{"start":{"line":18,"column":0},"end":{"line":20,"column":0}}}},"branchMap":{},"s":{"0":2,"1":2,"2":0},"f":{"0":0},"b":{}}
,"/Users/jelle/Sites-2020/pagie.co/focus-ui/src/components/page/components/SecondaryActions.vue": {"path":"/Users/jelle/Sites-2020/pagie.co/focus-ui/src/components/page/components/SecondaryActions.vue","statementMap":{"0":{"start":{"line":3,"column":0},"end":{"line":null,"column":-1}},"1":{"start":{"line":4,"column":0},"end":{"line":null,"column":-1}}},"fnMap":{},"branchMap":{},"s":{"0":2,"1":2},"f":{},"b":{}}
,"/Users/jelle/Sites-2020/pagie.co/focus-ui/src/components/popover/index.js": {"path":"/Users/jelle/Sites-2020/pagie.co/focus-ui/src/components/popover/index.js","statementMap":{},"fnMap":{},"branchMap":{},"s":{},"f":{},"b":{},"_coverageSchema":"332fd63041d2c1bcb487cc26dd0d5f7d97098a6c","hash":"921a89f1cfc10d1d7ff72bd77e9a47649673033f"}
,"/Users/jelle/Sites-2020/pagie.co/focus-ui/src/components/popover/components/Popover.vue": {"path":"/Users/jelle/Sites-2020/pagie.co/focus-ui/src/components/popover/components/Popover.vue","statementMap":{"0":{"start":{"line":3,"column":0},"end":{"line":null,"column":-1}},"1":{"start":{"line":4,"column":0},"end":{"line":null,"column":-1}},"2":{"start":{"line":6,"column":0},"end":{"line":null,"column":-1}},"3":{"start":{"line":28,"column":0},"end":{"line":null,"column":-1}},"4":{"start":{"line":40,"column":0},"end":{"line":null,"column":-1}},"5":{"start":{"line":48,"column":0},"end":{"line":50,"column":0}},"6":{"start":{"line":62,"column":0},"end":{"line":null,"column":-1}},"7":{"start":{"line":65,"column":0},"end":{"line":67,"column":0}},"8":{"start":{"line":66,"column":0},"end":{"line":null,"column":-1}},"9":{"start":{"line":69,"column":0},"end":{"line":71,"column":0}},"10":{"start":{"line":70,"column":0},"end":{"line":null,"column":-1}},"11":{"start":{"line":80,"column":0},"end":{"line":null,"column":-1}},"12":{"start":{"line":86,"column":0},"end":{"line":null,"column":-1}},"13":{"start":{"line":87,"column":0},"end":{"line":null,"column":-1}},"14":{"start":{"line":89,"column":0},"end":{"line":93,"column":0}},"15":{"start":{"line":90,"column":0},"end":{"line":null,"column":-1}},"16":{"start":{"line":92,"column":0},"end":{"line":null,"column":-1}},"17":{"start":{"line":99,"column":0},"end":{"line":null,"column":-1}},"18":{"start":{"line":100,"column":0},"end":{"line":102,"column":0}},"19":{"start":{"line":101,"column":0},"end":{"line":null,"column":-1}},"20":{"start":{"line":104,"column":0},"end":{"line":null,"column":-1}},"21":{"start":{"line":105,"column":0},"end":{"line":null,"column":-1}},"22":{"start":{"line":106,"column":0},"end":{"line":null,"column":-1}},"23":{"start":{"line":107,"column":0},"end":{"line":null,"column":-1}},"24":{"start":{"line":109,"column":0},"end":{"line":111,"column":0}},"25":{"start":{"line":110,"column":0},"end":{"line":null,"column":-1}},"26":{"start":{"line":113,"column":0},"end":{"line":null,"column":-1}},"27":{"start":{"line":122,"column":0},"end":{"line":null,"column":-1}},"28":{"start":{"line":125,"column":0},"end":{"line":null,"column":-1}},"29":{"start":{"line":137,"column":0},"end":{"line":139,"column":0}},"30":{"start":{"line":138,"column":0},"end":{"line":null,"column":-1}},"31":{"start":{"line":141,"column":0},"end":{"line":null,"column":-1}},"32":{"start":{"line":143,"column":0},"end":{"line":null,"column":-1}},"33":{"start":{"line":144,"column":0},"end":{"line":null,"column":-1}},"34":{"start":{"line":146,"column":0},"end":{"line":null,"column":-1}},"35":{"start":{"line":147,"column":0},"end":{"line":null,"column":-1}},"36":{"start":{"line":156,"column":0},"end":{"line":null,"column":-1}},"37":{"start":{"line":158,"column":0},"end":{"line":162,"column":0}},"38":{"start":{"line":162,"column":0},"end":{"line":null,"column":-1}}},"fnMap":{"0":{"name":"validator","decl":{"start":{"line":28,"column":0},"end":{"line":null,"column":-1}},"loc":{"start":{"line":28,"column":0},"end":{"line":null,"column":-1}}},"1":{"name":"data","decl":{"start":{"line":39,"column":0},"end":{"line":null,"column":-1}},"loc":{"start":{"line":39,"column":0},"end":{"line":44,"column":0}}},"2":{"name":"classList","decl":{"start":{"line":47,"column":0},"end":{"line":null,"column":-1}},"loc":{"start":{"line":47,"column":0},"end":{"line":52,"column":0}}},"3":{"name":"onBodyClick","decl":{"start":{"line":62,"column":0},"end":{"line":null,"column":-1}},"loc":{"start":{"line":62,"column":0},"end":{"line":72,"column":0}}},"4":{"name":"onEsc","decl":{"start":{"line":79,"column":0},"end":{"line":null,"column":-1}},"loc":{"start":{"line":79,"column":0},"end":{"line":81,"column":0}}},"5":{"name":"toggle","decl":{"start":{"line":86,"column":0},"end":{"line":null,"column":-1}},"loc":{"start":{"line":86,"column":0},"end":{"line":94,"column":0}}},"6":{"name":"open","decl":{"start":{"line":99,"column":0},"end":{"line":null,"column":-1}},"loc":{"start":{"line":99,"column":0},"end":{"line":114,"column":0}}},"7":{"name":"createPopperInstance","decl":{"start":{"line":122,"column":0},"end":{"line":null,"column":-1}},"loc":{"start":{"line":122,"column":0},"end":{"line":131,"column":0}}},"8":{"name":"close","decl":{"start":{"line":136,"column":0},"end":{"line":null,"column":-1}},"loc":{"start":{"line":136,"column":0},"end":{"line":148,"column":0}}},"9":{"name":"isOutsidePopover","decl":{"start":{"line":155,"column":0},"end":{"line":null,"column":-1}},"loc":{"start":{"line":155,"column":0},"end":{"line":164,"column":0}}},"10":{"name":"(anonymous_11)","decl":{"start":{"line":162,"column":0},"end":{"line":null,"column":-1}},"loc":{"start":{"line":162,"column":0},"end":{"line":null,"column":-1}}}},"branchMap":{"0":{"loc":{"start":{"line":65,"column":0},"end":{"line":67,"column":0}},"type":"if","locations":[{"start":{"line":65,"column":0},"end":{"line":67,"column":0}},{"start":{"line":65,"column":0},"end":{"line":67,"column":0}}]},"1":{"loc":{"start":{"line":69,"column":0},"end":{"line":71,"column":0}},"type":"if","locations":[{"start":{"line":69,"column":0},"end":{"line":71,"column":0}},{"start":{"line":69,"column":0},"end":{"line":71,"column":0}}]},"2":{"loc":{"start":{"line":69,"column":0},"end":{"line":null,"column":-1}},"type":"binary-expr","locations":[{"start":{"line":69,"column":0},"end":{"line":null,"column":-1}},{"start":{"line":69,"column":0},"end":{"line":null,"column":-1}},{"start":{"line":69,"column":0},"end":{"line":null,"column":-1}}]},"3":{"loc":{"start":{"line":80,"column":0},"end":{"line":null,"column":-1}},"type":"if","locations":[{"start":{"line":80,"column":0},"end":{"line":null,"column":-1}},{"start":{"line":80,"column":0},"end":{"line":null,"column":-1}}]},"4":{"loc":{"start":{"line":86,"column":0},"end":{"line":null,"column":-1}},"type":"cond-expr","locations":[{"start":{"line":86,"column":0},"end":{"line":null,"column":-1}},{"start":{"line":86,"column":0},"end":{"line":null,"column":-1}}]},"5":{"loc":{"start":{"line":89,"column":0},"end":{"line":93,"column":0}},"type":"if","locations":[{"start":{"line":89,"column":0},"end":{"line":93,"column":0}},{"start":{"line":89,"column":0},"end":{"line":93,"column":0}}]},"6":{"loc":{"start":{"line":99,"column":0},"end":{"line":null,"column":-1}},"type":"cond-expr","locations":[{"start":{"line":99,"column":0},"end":{"line":null,"column":-1}},{"start":{"line":99,"column":0},"end":{"line":null,"column":-1}}]},"7":{"loc":{"start":{"line":100,"column":0},"end":{"line":102,"column":0}},"type":"if","locations":[{"start":{"line":100,"column":0},"end":{"line":102,"column":0}},{"start":{"line":100,"column":0},"end":{"line":102,"column":0}}]},"8":{"loc":{"start":{"line":109,"column":0},"end":{"line":111,"column":0}},"type":"if","locations":[{"start":{"line":109,"column":0},"end":{"line":111,"column":0}},{"start":{"line":109,"column":0},"end":{"line":111,"column":0}}]},"9":{"loc":{"start":{"line":137,"column":0},"end":{"line":139,"column":0}},"type":"if","locations":[{"start":{"line":137,"column":0},"end":{"line":139,"column":0}},{"start":{"line":137,"column":0},"end":{"line":139,"column":0}}]},"10":{"loc":{"start":{"line":162,"column":0},"end":{"line":null,"column":-1}},"type":"binary-expr","locations":[{"start":{"line":162,"column":0},"end":{"line":null,"column":-1}},{"start":{"line":162,"column":0},"end":{"line":null,"column":-1}}]}},"s":{"0":2,"1":2,"2":2,"3":4,"4":4,"5":6,"6":0,"7":0,"8":0,"9":0,"10":0,"11":0,"12":0,"13":0,"14":0,"15":0,"16":0,"17":1,"18":1,"19":0,"20":1,"21":1,"22":1,"23":1,"24":1,"25":0,"26":1,"27":0,"28":0,"29":1,"30":0,"31":1,"32":1,"33":1,"34":1,"35":1,"36":0,"37":0,"38":0},"f":{"0":4,"1":4,"2":6,"3":0,"4":0,"5":0,"6":1,"7":0,"8":1,"9":0,"10":0},"b":{"0":[0,0],"1":[0,0],"2":[0,0,0],"3":[0,0],"4":[0,0],"5":[0,0],"6":[1,1],"7":[0,1],"8":[0,1],"9":[0,1],"10":[0,0]}}
,"/Users/jelle/Sites-2020/pagie.co/focus-ui/src/components/select/index.js": {"path":"/Users/jelle/Sites-2020/pagie.co/focus-ui/src/components/select/index.js","statementMap":{},"fnMap":{},"branchMap":{},"s":{},"f":{},"b":{},"_coverageSchema":"332fd63041d2c1bcb487cc26dd0d5f7d97098a6c","hash":"9831fc52a861e13f42aeddc462faea78be1a8ec3"}
,"/Users/jelle/Sites-2020/pagie.co/focus-ui/src/components/select/components/Select.vue": {"path":"/Users/jelle/Sites-2020/pagie.co/focus-ui/src/components/select/components/Select.vue","statementMap":{"0":{"start":{"line":3,"column":0},"end":{"line":null,"column":-1}},"1":{"start":{"line":60,"column":0},"end":{"line":null,"column":-1}},"2":{"start":{"line":72,"column":0},"end":{"line":null,"column":-1}},"3":{"start":{"line":79,"column":0},"end":{"line":null,"column":-1}},"4":{"start":{"line":80,"column":0},"end":{"line":null,"column":-1}},"5":{"start":{"line":85,"column":0},"end":{"line":null,"column":-1}},"6":{"start":{"line":87,"column":0},"end":{"line":89,"column":0}},"7":{"start":{"line":88,"column":0},"end":{"line":null,"column":-1}}},"fnMap":{"0":{"name":"_default","decl":{"start":{"line":60,"column":0},"end":{"line":null,"column":-1}},"loc":{"start":{"line":60,"column":0},"end":{"line":null,"column":-1}}},"1":{"name":"data","decl":{"start":{"line":71,"column":0},"end":{"line":null,"column":-1}},"loc":{"start":{"line":71,"column":0},"end":{"line":76,"column":0}}},"2":{"name":"mounted","decl":{"start":{"line":78,"column":0},"end":{"line":null,"column":-1}},"loc":{"start":{"line":78,"column":0},"end":{"line":81,"column":0}}},"3":{"name":"setSelectedOption","decl":{"start":{"line":84,"column":0},"end":{"line":null,"column":-1}},"loc":{"start":{"line":84,"column":0},"end":{"line":90,"column":0}}}},"branchMap":{"0":{"loc":{"start":{"line":87,"column":0},"end":{"line":89,"column":0}},"type":"if","locations":[{"start":{"line":87,"column":0},"end":{"line":89,"column":0}},{"start":{"line":87,"column":0},"end":{"line":89,"column":0}}]},"1":{"loc":{"start":{"line":87,"column":0},"end":{"line":null,"column":-1}},"type":"binary-expr","locations":[{"start":{"line":87,"column":0},"end":{"line":null,"column":-1}},{"start":{"line":87,"column":0},"end":{"line":null,"column":-1}}]}},"s":{"0":3,"1":8,"2":9,"3":9,"4":9,"5":9,"6":9,"7":2},"f":{"0":8,"1":9,"2":9,"3":9},"b":{"0":[2,7],"1":[9,9]}}
,"/Users/jelle/Sites-2020/pagie.co/focus-ui/src/components/skeleton-body-text/index.js": {"path":"/Users/jelle/Sites-2020/pagie.co/focus-ui/src/components/skeleton-body-text/index.js","statementMap":{},"fnMap":{},"branchMap":{},"s":{},"f":{},"b":{},"_coverageSchema":"332fd63041d2c1bcb487cc26dd0d5f7d97098a6c","hash":"28f92d25a56e1f8c75bb1b9f849c974b75144bf5"}
,"/Users/jelle/Sites-2020/pagie.co/focus-ui/src/components/skeleton-body-text/components/SkeletonBodyText.vue": {"path":"/Users/jelle/Sites-2020/pagie.co/focus-ui/src/components/skeleton-body-text/components/SkeletonBodyText.vue","statementMap":{"0":{"start":{"line":15,"column":0},"end":{"line":null,"column":-1}},"1":{"start":{"line":17,"column":0},"end":{"line":21,"column":0}},"2":{"start":{"line":18,"column":0},"end":{"line":19,"column":0}},"3":{"start":{"line":23,"column":0},"end":{"line":null,"column":-1}}},"fnMap":{"0":{"name":"render","decl":{"start":{"line":14,"column":0},"end":{"line":null,"column":-1}},"loc":{"start":{"line":14,"column":0},"end":{"line":24,"column":0}}}},"branchMap":{},"s":{"0":0,"1":0,"2":0,"3":0},"f":{"0":0},"b":{}}
,"/Users/jelle/Sites-2020/pagie.co/focus-ui/src/components/skeleton-display-text/index.js": {"path":"/Users/jelle/Sites-2020/pagie.co/focus-ui/src/components/skeleton-display-text/index.js","statementMap":{},"fnMap":{},"branchMap":{},"s":{},"f":{},"b":{},"_coverageSchema":"332fd63041d2c1bcb487cc26dd0d5f7d97098a6c","hash":"3d7bb241518d81c3e3a9856e27327bfb4e4cb1f3"}
,"/Users/jelle/Sites-2020/pagie.co/focus-ui/src/components/skeleton-display-text/components/SkeletonDisplayText.vue": {"path":"/Users/jelle/Sites-2020/pagie.co/focus-ui/src/components/skeleton-display-text/components/SkeletonDisplayText.vue","statementMap":{"0":{"start":{"line":3,"column":0},"end":{"line":null,"column":-1}},"1":{"start":{"line":5,"column":0},"end":{"line":null,"column":-1}},"2":{"start":{"line":20,"column":0},"end":{"line":null,"column":-1}},"3":{"start":{"line":28,"column":0},"end":{"line":null,"column":-1}}},"fnMap":{"0":{"name":"validator","decl":{"start":{"line":20,"column":0},"end":{"line":null,"column":-1}},"loc":{"start":{"line":20,"column":0},"end":{"line":null,"column":-1}}},"1":{"name":"classList","decl":{"start":{"line":27,"column":0},"end":{"line":null,"column":-1}},"loc":{"start":{"line":27,"column":0},"end":{"line":32,"column":0}}}},"branchMap":{},"s":{"0":2,"1":2,"2":0,"3":0},"f":{"0":0,"1":0},"b":{}}
,"/Users/jelle/Sites-2020/pagie.co/focus-ui/src/components/spinner/index.js": {"path":"/Users/jelle/Sites-2020/pagie.co/focus-ui/src/components/spinner/index.js","statementMap":{},"fnMap":{},"branchMap":{},"s":{},"f":{},"b":{},"_coverageSchema":"332fd63041d2c1bcb487cc26dd0d5f7d97098a6c","hash":"55eb5d7f4a9ca46ac27b44af1de7bbbb701036f1"}
,"/Users/jelle/Sites-2020/pagie.co/focus-ui/src/components/stack/index.js": {"path":"/Users/jelle/Sites-2020/pagie.co/focus-ui/src/components/stack/index.js","statementMap":{},"fnMap":{},"branchMap":{},"s":{},"f":{},"b":{},"_coverageSchema":"332fd63041d2c1bcb487cc26dd0d5f7d97098a6c","hash":"57f024cf9ca69be68dc32b06dea828a49d35fa67"}
,"/Users/jelle/Sites-2020/pagie.co/focus-ui/src/components/stack/components/Stack.vue": {"path":"/Users/jelle/Sites-2020/pagie.co/focus-ui/src/components/stack/components/Stack.vue","statementMap":{"0":{"start":{"line":3,"column":0},"end":{"line":null,"column":-1}},"1":{"start":{"line":5,"column":0},"end":{"line":null,"column":-1}},"2":{"start":{"line":13,"column":0},"end":{"line":null,"column":-1}},"3":{"start":{"line":29,"column":0},"end":{"line":null,"column":-1}},"4":{"start":{"line":40,"column":0},"end":{"line":null,"column":-1}},"5":{"start":{"line":64,"column":0},"end":{"line":69,"column":0}},"6":{"start":{"line":75,"column":0},"end":{"line":77,"column":0}},"7":{"start":{"line":76,"column":0},"end":{"line":null,"column":-1}},"8":{"start":{"line":79,"column":0},"end":{"line":null,"column":-1}},"9":{"start":{"line":79,"column":0},"end":{"line":80,"column":0}},"10":{"start":{"line":83,"column":0},"end":{"line":null,"column":-1}}},"fnMap":{"0":{"name":"validator","decl":{"start":{"line":29,"column":0},"end":{"line":null,"column":-1}},"loc":{"start":{"line":29,"column":0},"end":{"line":null,"column":-1}}},"1":{"name":"validator","decl":{"start":{"line":40,"column":0},"end":{"line":null,"column":-1}},"loc":{"start":{"line":40,"column":0},"end":{"line":null,"column":-1}}},"2":{"name":"classList","decl":{"start":{"line":63,"column":0},"end":{"line":null,"column":-1}},"loc":{"start":{"line":63,"column":0},"end":{"line":71,"column":0}}},"3":{"name":"render","decl":{"start":{"line":74,"column":0},"end":{"line":null,"column":-1}},"loc":{"start":{"line":74,"column":0},"end":{"line":84,"column":0}}},"4":{"name":"(anonymous_5)","decl":{"start":{"line":79,"column":0},"end":{"line":null,"column":-1}},"loc":{"start":{"line":79,"column":0},"end":{"line":null,"column":-1}}}},"branchMap":{"0":{"loc":{"start":{"line":75,"column":0},"end":{"line":77,"column":0}},"type":"if","locations":[{"start":{"line":75,"column":0},"end":{"line":77,"column":0}},{"start":{"line":75,"column":0},"end":{"line":77,"column":0}}]}},"s":{"0":2,"1":2,"2":2,"3":0,"4":0,"5":0,"6":0,"7":0,"8":0,"9":0,"10":0},"f":{"0":0,"1":0,"2":0,"3":0,"4":0},"b":{"0":[0,0]}}
,"/Users/jelle/Sites-2020/pagie.co/focus-ui/src/components/sub-heading/index.js": {"path":"/Users/jelle/Sites-2020/pagie.co/focus-ui/src/components/sub-heading/index.js","statementMap":{},"fnMap":{},"branchMap":{},"s":{},"f":{},"b":{},"_coverageSchema":"332fd63041d2c1bcb487cc26dd0d5f7d97098a6c","hash":"cae00f1dfbee9df9c677b36a4a96fdc0218fa6ff"}
,"/Users/jelle/Sites-2020/pagie.co/focus-ui/src/components/sub-heading/components/SubHeading.vue": {"path":"/Users/jelle/Sites-2020/pagie.co/focus-ui/src/components/sub-heading/components/SubHeading.vue","statementMap":{"0":{"start":{"line":3,"column":0},"end":{"line":null,"column":-1}},"1":{"start":{"line":20,"column":0},"end":{"line":null,"column":-1}}},"fnMap":{"0":{"name":"validator","decl":{"start":{"line":20,"column":0},"end":{"line":null,"column":-1}},"loc":{"start":{"line":20,"column":0},"end":{"line":null,"column":-1}}}},"branchMap":{},"s":{"0":2,"1":0},"f":{"0":0},"b":{}}
,"/Users/jelle/Sites-2020/pagie.co/focus-ui/src/components/text-container/index.js": {"path":"/Users/jelle/Sites-2020/pagie.co/focus-ui/src/components/text-container/index.js","statementMap":{},"fnMap":{},"branchMap":{},"s":{},"f":{},"b":{},"_coverageSchema":"332fd63041d2c1bcb487cc26dd0d5f7d97098a6c","hash":"49fe13942d82327c390fa65250a3db782123e142"}
,"/Users/jelle/Sites-2020/pagie.co/focus-ui/src/components/text-container/components/TextContainer.vue": {"path":"/Users/jelle/Sites-2020/pagie.co/focus-ui/src/components/text-container/components/TextContainer.vue","statementMap":{"0":{"start":{"line":3,"column":0},"end":{"line":null,"column":-1}},"1":{"start":{"line":5,"column":0},"end":{"line":null,"column":-1}},"2":{"start":{"line":17,"column":0},"end":{"line":null,"column":-1}},"3":{"start":{"line":26,"column":0},"end":{"line":null,"column":-1}}},"fnMap":{"0":{"name":"validator","decl":{"start":{"line":17,"column":0},"end":{"line":null,"column":-1}},"loc":{"start":{"line":17,"column":0},"end":{"line":null,"column":-1}}},"1":{"name":"classList","decl":{"start":{"line":25,"column":0},"end":{"line":null,"column":-1}},"loc":{"start":{"line":25,"column":0},"end":{"line":30,"column":0}}}},"branchMap":{},"s":{"0":2,"1":2,"2":0,"3":0},"f":{"0":0,"1":0},"b":{}}
,"/Users/jelle/Sites-2020/pagie.co/focus-ui/src/components/text-field/index.js": {"path":"/Users/jelle/Sites-2020/pagie.co/focus-ui/src/components/text-field/index.js","statementMap":{},"fnMap":{},"branchMap":{},"s":{},"f":{},"b":{},"_coverageSchema":"332fd63041d2c1bcb487cc26dd0d5f7d97098a6c","hash":"8875bf9fcbe2b7a8494c93e65fcee2208aec3d59"}
,"/Users/jelle/Sites-2020/pagie.co/focus-ui/src/components/text-field/components/TextField.vue": {"path":"/Users/jelle/Sites-2020/pagie.co/focus-ui/src/components/text-field/components/TextField.vue","statementMap":{"0":{"start":{"line":3,"column":0},"end":{"line":null,"column":-1}},"1":{"start":{"line":4,"column":0},"end":{"line":null,"column":-1}},"2":{"start":{"line":6,"column":0},"end":{"line":null,"column":-1}},"3":{"start":{"line":95,"column":0},"end":{"line":null,"column":-1}},"4":{"start":{"line":114,"column":0},"end":{"line":null,"column":-1}},"5":{"start":{"line":115,"column":0},"end":{"line":null,"column":-1}},"6":{"start":{"line":125,"column":0},"end":{"line":null,"column":-1}},"7":{"start":{"line":132,"column":0},"end":{"line":null,"column":-1}},"8":{"start":{"line":140,"column":0},"end":{"line":null,"column":-1}},"9":{"start":{"line":141,"column":0},"end":{"line":null,"column":-1}},"10":{"start":{"line":145,"column":0},"end":{"line":147,"column":0}},"11":{"start":{"line":146,"column":0},"end":{"line":null,"column":-1}}},"fnMap":{"0":{"name":"validator","decl":{"start":{"line":95,"column":0},"end":{"line":null,"column":-1}},"loc":{"start":{"line":95,"column":0},"end":{"line":null,"column":-1}}},"1":{"name":"_default","decl":{"start":{"line":113,"column":0},"end":{"line":null,"column":-1}},"loc":{"start":{"line":113,"column":0},"end":{"line":116,"column":0}}},"2":{"name":"data","decl":{"start":{"line":124,"column":0},"end":{"line":null,"column":-1}},"loc":{"start":{"line":124,"column":0},"end":{"line":128,"column":0}}},"3":{"name":"classList","decl":{"start":{"line":131,"column":0},"end":{"line":null,"column":-1}},"loc":{"start":{"line":131,"column":0},"end":{"line":135,"column":0}}},"4":{"name":"onInput","decl":{"start":{"line":139,"column":0},"end":{"line":null,"column":-1}},"loc":{"start":{"line":139,"column":0},"end":{"line":142,"column":0}}},"5":{"name":"setCharacterCount","decl":{"start":{"line":144,"column":0},"end":{"line":null,"column":-1}},"loc":{"start":{"line":144,"column":0},"end":{"line":148,"column":0}}}},"branchMap":{"0":{"loc":{"start":{"line":114,"column":0},"end":{"line":null,"column":-1}},"type":"if","locations":[{"start":{"line":114,"column":0},"end":{"line":null,"column":-1}},{"start":{"line":114,"column":0},"end":{"line":null,"column":-1}}]},"1":{"loc":{"start":{"line":145,"column":0},"end":{"line":147,"column":0}},"type":"if","locations":[{"start":{"line":145,"column":0},"end":{"line":147,"column":0}},{"start":{"line":145,"column":0},"end":{"line":147,"column":0}}]}},"s":{"0":3,"1":3,"2":3,"3":22,"4":16,"5":10,"6":14,"7":14,"8":1,"9":1,"10":3,"11":2},"f":{"0":22,"1":13,"2":14,"3":14,"4":1,"5":3},"b":{"0":[3,10],"1":[2,1]}}
,"/Users/jelle/Sites-2020/pagie.co/focus-ui/src/components/thumbnail/index.js": {"path":"/Users/jelle/Sites-2020/pagie.co/focus-ui/src/components/thumbnail/index.js","statementMap":{},"fnMap":{},"branchMap":{},"s":{},"f":{},"b":{},"_coverageSchema":"332fd63041d2c1bcb487cc26dd0d5f7d97098a6c","hash":"61ae13fcc42b0c17f2e879ec57469bccb77d85d9"}
,"/Users/jelle/Sites-2020/pagie.co/focus-ui/src/components/thumbnail/components/Thumbnail.vue": {"path":"/Users/jelle/Sites-2020/pagie.co/focus-ui/src/components/thumbnail/components/Thumbnail.vue","statementMap":{"0":{"start":{"line":3,"column":0},"end":{"line":null,"column":-1}},"1":{"start":{"line":25,"column":0},"end":{"line":null,"column":-1}},"2":{"start":{"line":41,"column":0},"end":{"line":null,"column":-1}}},"fnMap":{"0":{"name":"validator","decl":{"start":{"line":25,"column":0},"end":{"line":null,"column":-1}},"loc":{"start":{"line":25,"column":0},"end":{"line":null,"column":-1}}},"1":{"name":"classList","decl":{"start":{"line":40,"column":0},"end":{"line":null,"column":-1}},"loc":{"start":{"line":40,"column":0},"end":{"line":45,"column":0}}}},"branchMap":{},"s":{"0":3,"1":4,"2":4},"f":{"0":4,"1":4},"b":{}}
,"/Users/jelle/Sites-2020/pagie.co/focus-ui/src/components/tooltip/index.js": {"path":"/Users/jelle/Sites-2020/pagie.co/focus-ui/src/components/tooltip/index.js","statementMap":{},"fnMap":{},"branchMap":{},"s":{},"f":{},"b":{},"_coverageSchema":"332fd63041d2c1bcb487cc26dd0d5f7d97098a6c","hash":"3259b4d5b5af914d242da59e491563aed50b616a"}
,"/Users/jelle/Sites-2020/pagie.co/focus-ui/src/components/tooltip/components/Tooltip.vue": {"path":"/Users/jelle/Sites-2020/pagie.co/focus-ui/src/components/tooltip/components/Tooltip.vue","statementMap":{"0":{"start":{"line":3,"column":0},"end":{"line":null,"column":-1}},"1":{"start":{"line":5,"column":0},"end":{"line":null,"column":-1}},"2":{"start":{"line":36,"column":0},"end":{"line":null,"column":-1}},"3":{"start":{"line":43,"column":0},"end":{"line":null,"column":-1}},"4":{"start":{"line":48,"column":0},"end":{"line":null,"column":-1}},"5":{"start":{"line":54,"column":0},"end":{"line":null,"column":-1}},"6":{"start":{"line":58,"column":0},"end":{"line":null,"column":-1}}},"fnMap":{"0":{"name":"validator","decl":{"start":{"line":36,"column":0},"end":{"line":null,"column":-1}},"loc":{"start":{"line":36,"column":0},"end":{"line":null,"column":-1}}},"1":{"name":"mounted","decl":{"start":{"line":42,"column":0},"end":{"line":null,"column":-1}},"loc":{"start":{"line":42,"column":0},"end":{"line":44,"column":0}}},"2":{"name":"createPopperInstance","decl":{"start":{"line":47,"column":0},"end":{"line":null,"column":-1}},"loc":{"start":{"line":47,"column":0},"end":{"line":51,"column":0}}},"3":{"name":"showTooltip","decl":{"start":{"line":53,"column":0},"end":{"line":null,"column":-1}},"loc":{"start":{"line":53,"column":0},"end":{"line":55,"column":0}}},"4":{"name":"hideTooltip","decl":{"start":{"line":57,"column":0},"end":{"line":null,"column":-1}},"loc":{"start":{"line":57,"column":0},"end":{"line":59,"column":0}}}},"branchMap":{},"s":{"0":2,"1":2,"2":0,"3":0,"4":0,"5":0,"6":0},"f":{"0":0,"1":0,"2":0,"3":0,"4":0},"b":{}}
,"/Users/jelle/Sites-2020/pagie.co/focus-ui/src/components/top-bar/index.js": {"path":"/Users/jelle/Sites-2020/pagie.co/focus-ui/src/components/top-bar/index.js","statementMap":{},"fnMap":{},"branchMap":{},"s":{},"f":{},"b":{},"_coverageSchema":"332fd63041d2c1bcb487cc26dd0d5f7d97098a6c","hash":"91e6f76fa8f71e5109a685dc39924afe45975010"}
,"/Users/jelle/Sites-2020/pagie.co/focus-ui/src/components/top-bar/components/SearchField.vue": {"path":"/Users/jelle/Sites-2020/pagie.co/focus-ui/src/components/top-bar/components/SearchField.vue","statementMap":{"0":{"start":{"line":3,"column":0},"end":{"line":null,"column":-1}},"1":{"start":{"line":9,"column":0},"end":{"line":null,"column":-1}},"2":{"start":{"line":13,"column":0},"end":{"line":null,"column":-1}},"3":{"start":{"line":18,"column":0},"end":{"line":20,"column":0}},"4":{"start":{"line":19,"column":0},"end":{"line":null,"column":-1}},"5":{"start":{"line":25,"column":0},"end":{"line":null,"column":-1}}},"fnMap":{"0":{"name":"mounted","decl":{"start":{"line":8,"column":0},"end":{"line":null,"column":-1}},"loc":{"start":{"line":8,"column":0},"end":{"line":10,"column":0}}},"1":{"name":"destroyed","decl":{"start":{"line":12,"column":0},"end":{"line":null,"column":-1}},"loc":{"start":{"line":12,"column":0},"end":{"line":14,"column":0}}},"2":{"name":"inputFocus","decl":{"start":{"line":17,"column":0},"end":{"line":null,"column":-1}},"loc":{"start":{"line":17,"column":0},"end":{"line":21,"column":0}}},"3":{"name":"render","decl":{"start":{"line":24,"column":0},"end":{"line":null,"column":-1}},"loc":{"start":{"line":24,"column":0},"end":{"line":32,"column":0}}}},"branchMap":{"0":{"loc":{"start":{"line":18,"column":0},"end":{"line":20,"column":0}},"type":"if","locations":[{"start":{"line":18,"column":0},"end":{"line":20,"column":0}},{"start":{"line":18,"column":0},"end":{"line":20,"column":0}}]},"1":{"loc":{"start":{"line":18,"column":0},"end":{"line":null,"column":-1}},"type":"binary-expr","locations":[{"start":{"line":18,"column":0},"end":{"line":null,"column":-1}},{"start":{"line":18,"column":0},"end":{"line":null,"column":-1}}]}},"s":{"0":2,"1":0,"2":0,"3":0,"4":0,"5":0},"f":{"0":0,"1":0,"2":0,"3":0},"b":{"0":[0,0],"1":[0,0]}}
,"/Users/jelle/Sites-2020/pagie.co/focus-ui/src/components/top-bar/components/TopBar.vue": {"path":"/Users/jelle/Sites-2020/pagie.co/focus-ui/src/components/top-bar/components/TopBar.vue","statementMap":{"0":{"start":{"line":3,"column":0},"end":{"line":null,"column":-1}}},"fnMap":{},"branchMap":{},"s":{"0":2},"f":{},"b":{}}
,"/Users/jelle/Sites-2020/pagie.co/focus-ui/src/components/visually-hidden/index.js": {"path":"/Users/jelle/Sites-2020/pagie.co/focus-ui/src/components/visually-hidden/index.js","statementMap":{},"fnMap":{},"branchMap":{},"s":{},"f":{},"b":{},"_coverageSchema":"332fd63041d2c1bcb487cc26dd0d5f7d97098a6c","hash":"00ce394927bdb4befe6cd6815d36cbd00c56dcc3"}
}
