TN:
SF:/Users/jelle/Sites-2020/pagie.co/focus-ui/src/components/index.js
FNF:0
FNH:0
LF:0
LH:0
BRF:0
BRH:0
end_of_record
TN:
SF:/Users/jelle/Sites-2020/pagie.co/focus-ui/src/components/avatar/index.js
FNF:0
FNH:0
LF:0
LH:0
BRF:0
BRH:0
end_of_record
TN:
SF:/Users/jelle/Sites-2020/pagie.co/focus-ui/src/components/avatar/components/Avatar.vue
FN:41,classList
FN:48,initials
FNF:2
FNH:2
FNDA:7,classList
FNDA:5,initials
DA:3,3
DA:42,7
DA:49,5
DA:51,5
DA:52,1
DA:55,5
LF:6
LH:6
BRDA:51,0,0,1
BRDA:51,0,1,4
BRF:2
BRH:2
end_of_record
TN:
SF:/Users/jelle/Sites-2020/pagie.co/focus-ui/src/components/badge/index.js
FNF:0
FNH:0
LF:0
LH:0
BRF:0
BRH:0
end_of_record
TN:
SF:/Users/jelle/Sites-2020/pagie.co/focus-ui/src/components/badge/components/Badge.vue
FN:27,valdator
FN:38,valdator
FN:46,classList
FNF:3
FNH:0
FNDA:0,valdator
FNDA:0,valdator
FNDA:0,classList
DA:3,2
DA:4,2
DA:6,2
DA:11,2
DA:27,0
DA:38,0
DA:47,0
LF:7
LH:4
BRF:0
BRH:0
end_of_record
TN:
SF:/Users/jelle/Sites-2020/pagie.co/focus-ui/src/components/banner/index.js
FNF:0
FNH:0
LF:0
LH:0
BRF:0
BRH:0
end_of_record
TN:
SF:/Users/jelle/Sites-2020/pagie.co/focus-ui/src/components/banner/components/Banner.vue
FN:38,validator
FN:52,data
FN:64,mounted
FN:69,classList
FN:76,bannerRole
FN:82,ariaDescribedBy
FNF:6
FNH:6
FNDA:10,validator
FNDA:9,data
FNDA:9,mounted
FNDA:9,classList
FNDA:9,bannerRole
FNDA:18,ariaDescribedBy
DA:3,3
DA:4,3
DA:5,3
DA:6,3
DA:8,3
DA:38,10
DA:53,9
DA:65,9
DA:70,9
DA:77,9
DA:83,18
LF:11
LH:11
BRDA:77,0,0,11
BRDA:77,0,1,15
BRDA:83,1,0,2
BRDA:83,1,1,16
BRF:4
BRH:4
end_of_record
TN:
SF:/Users/jelle/Sites-2020/pagie.co/focus-ui/src/components/banner/components/PrimaryAction.vue
FN:17,buttonProps
FNF:1
FNH:0
FNDA:0,buttonProps
DA:3,3
DA:4,3
DA:18,0
LF:3
LH:2
BRF:0
BRH:0
end_of_record
TN:
SF:/Users/jelle/Sites-2020/pagie.co/focus-ui/src/components/button/index.js
FNF:0
FNH:0
LF:0
LH:0
BRF:0
BRH:0
end_of_record
TN:
SF:/Users/jelle/Sites-2020/pagie.co/focus-ui/src/components/button-group/index.js
FNF:0
FNH:0
LF:0
LH:0
BRF:0
BRH:0
end_of_record
TN:
SF:/Users/jelle/Sites-2020/pagie.co/focus-ui/src/components/button-group/components/ButtonGroup.vue
FN:27,classList
FNF:1
FNH:1
FNDA:4,classList
DA:3,3
DA:28,4
LF:2
LH:2
BRF:0
BRH:0
end_of_record
TN:
SF:/Users/jelle/Sites-2020/pagie.co/focus-ui/src/components/button/components/Button.vue
FN:114,classList
FN:126,isDisabled
FN:130,buttonType
FN:134,anchorAttrs
FN:148,buttonAttrs
FN:163,render
FNF:6
FNH:6
FNDA:16,classList
FNDA:16,isDisabled
FNDA:14,buttonType
FNDA:2,anchorAttrs
FNDA:14,buttonAttrs
FNDA:16,render
DA:3,5
DA:4,5
DA:115,16
DA:127,16
DA:131,14
DA:135,2
DA:149,14
DA:164,16
DA:166,16
DA:170,16
LF:10
LH:10
BRDA:127,0,0,16
BRDA:127,0,1,15
BRDA:131,1,0,1
BRDA:131,1,1,13
BRDA:142,2,0,1
BRDA:142,2,1,1
BRDA:170,3,0,3
BRDA:170,3,1,29
BRDA:171,4,0,2
BRDA:171,4,1,14
BRF:10
BRH:10
end_of_record
TN:
SF:/Users/jelle/Sites-2020/pagie.co/focus-ui/src/components/card/index.js
FNF:0
FNH:0
LF:0
LH:0
BRF:0
BRH:0
end_of_record
TN:
SF:/Users/jelle/Sites-2020/pagie.co/focus-ui/src/components/card/components/Card.vue
FN:30,classList
FN:38,render
FNF:2
FNH:2
FNDA:5,classList
FNDA:8,render
DA:3,4
DA:4,4
DA:31,5
DA:39,8
LF:4
LH:4
BRDA:39,0,0,6
BRDA:39,0,1,2
BRF:2
BRH:2
end_of_record
TN:
SF:/Users/jelle/Sites-2020/pagie.co/focus-ui/src/components/card/components/CardSection.vue
FN:34,classList
FNF:1
FNH:1
FNDA:4,classList
DA:3,4
DA:35,4
LF:2
LH:2
BRF:0
BRH:0
end_of_record
TN:
SF:/Users/jelle/Sites-2020/pagie.co/focus-ui/src/components/color-picker/index.js
FNF:0
FNH:0
LF:0
LH:0
BRF:0
BRH:0
end_of_record
TN:
SF:/Users/jelle/Sites-2020/pagie.co/focus-ui/src/components/color-picker/components/ColorPicker.vue
FN:35,data
FN:43,get
FN:47,set
FN:53,saturation
FN:58,mounted
FN:65,handleSaturation
FN:66,(anonymous_7)
FN:75,handleHue
FN:76,(anonymous_9)
FN:84,handleAlpha
FN:85,(anonymous_11)
FN:93,setSaturation
FN:104,setHue
FN:115,setAlpha
FN:126,updateSaturationDragger
FN:136,updateHueRuler
FN:143,updateAlphaRuler
FNF:17
FNH:8
FNDA:5,data
FNDA:6,get
FNDA:1,set
FNDA:6,saturation
FNDA:5,mounted
FNDA:0,handleSaturation
FNDA:0,(anonymous_7)
FNDA:0,handleHue
FNDA:0,(anonymous_9)
FNDA:0,handleAlpha
FNDA:0,(anonymous_11)
FNDA:0,setSaturation
FNDA:0,setHue
FNDA:0,setAlpha
FNDA:5,updateSaturationDragger
FNDA:5,updateHueRuler
FNDA:5,updateAlphaRuler
DA:3,3
DA:4,3
DA:36,5
DA:44,6
DA:48,1
DA:49,1
DA:54,6
DA:59,5
DA:60,5
DA:61,5
DA:65,0
DA:66,0
DA:67,0
DA:68,0
DA:70,0
DA:71,0
DA:75,0
DA:76,0
DA:77,0
DA:79,0
DA:80,0
DA:84,0
DA:85,0
DA:86,0
DA:88,0
DA:89,0
DA:94,0
DA:96,0
DA:105,0
DA:107,0
DA:116,0
DA:118,0
DA:127,5
DA:129,5
DA:130,5
DA:132,5
DA:133,5
DA:137,5
DA:138,5
DA:140,5
DA:144,5
DA:145,4
DA:146,4
DA:148,4
LF:44
LH:22
BRDA:144,0,0,4
BRDA:144,0,1,1
BRF:2
BRH:2
end_of_record
TN:
SF:/Users/jelle/Sites-2020/pagie.co/focus-ui/src/components/connected-field/index.js
FNF:0
FNH:0
LF:0
LH:0
BRF:0
BRH:0
end_of_record
TN:
SF:/Users/jelle/Sites-2020/pagie.co/focus-ui/src/components/connected-field/components/ConnectedField.vue
FN:6,mounted
FN:13,(anonymous_2)
FN:17,(anonymous_3)
FN:23,leftClassList
FN:30,rightClassList
FNF:5
FNH:0
FNDA:0,mounted
FNDA:0,(anonymous_2)
FNDA:0,(anonymous_3)
FNDA:0,leftClassList
FNDA:0,rightClassList
DA:3,2
DA:6,0
DA:7,0
DA:11,0
DA:13,0
DA:14,0
DA:17,0
DA:18,0
DA:24,0
DA:31,0
LF:10
LH:1
BRF:0
BRH:0
end_of_record
TN:
SF:/Users/jelle/Sites-2020/pagie.co/focus-ui/src/components/data-table/index.js
FNF:0
FNH:0
LF:0
LH:0
BRF:0
BRH:0
end_of_record
TN:
SF:/Users/jelle/Sites-2020/pagie.co/focus-ui/src/components/data-table/components/Cell.vue
FN:24,validator
FN:62,classList
FN:72,columnType
FN:77,render
FN:90,getTotalsColumn
FN:96,getSortableHeaderButton
FN:106,click
FN:114,getStringContents
FN:122,getObjectContents
FNF:9
FNH:0
FNDA:0,validator
FNDA:0,classList
FNDA:0,columnType
FNDA:0,render
FNDA:0,getTotalsColumn
FNDA:0,getSortableHeaderButton
FNDA:0,click
FNDA:0,getStringContents
FNDA:0,getObjectContents
DA:3,2
DA:4,2
DA:5,2
DA:24,0
DA:63,0
DA:73,0
DA:78,0
DA:91,0
DA:96,0
DA:97,0
DA:98,0
DA:103,0
DA:106,0
DA:111,0
DA:115,0
DA:116,0
DA:119,0
DA:123,0
DA:124,0
DA:129,0
LF:20
LH:3
BRDA:73,0,0,0
BRDA:73,0,1,0
BRDA:91,1,0,0
BRDA:91,1,1,0
BRDA:97,2,0,0
BRDA:97,2,1,0
BRDA:115,3,0,0
BRDA:115,3,1,0
BRDA:115,4,0,0
BRDA:115,4,1,0
BRDA:123,5,0,0
BRDA:123,5,1,0
BRDA:123,6,0,0
BRDA:123,6,1,0
BRF:14
BRH:0
end_of_record
TN:
SF:/Users/jelle/Sites-2020/pagie.co/focus-ui/src/components/data-table/components/DataTable.vue
FN:25,validator
FN:34,validator
FN:87,data
FN:94,mounted
FN:99,onSort
FNF:5
FNH:0
FNDA:0,validator
FNDA:0,validator
FNDA:0,data
FNDA:0,mounted
FNDA:0,onSort
DA:3,2
DA:5,2
DA:10,2
DA:25,0
DA:34,0
DA:88,0
DA:95,0
DA:100,0
DA:101,0
DA:106,0
DA:108,0
LF:11
LH:3
BRDA:100,0,0,0
BRDA:100,0,1,0
BRDA:101,1,0,0
BRDA:101,1,1,0
BRF:4
BRH:0
end_of_record
TN:
SF:/Users/jelle/Sites-2020/pagie.co/focus-ui/src/components/display-text/index.js
FNF:0
FNH:0
LF:0
LH:0
BRF:0
BRH:0
end_of_record
TN:
SF:/Users/jelle/Sites-2020/pagie.co/focus-ui/src/components/display-text/components/DisplayText.vue
FN:29,validator
FN:37,validator
FN:44,classList
FNF:3
FNH:3
FNDA:11,validator
FNDA:8,validator
FNDA:4,classList
DA:3,2
DA:5,2
DA:15,2
DA:29,11
DA:37,8
DA:45,4
LF:6
LH:6
BRF:0
BRH:0
end_of_record
TN:
SF:/Users/jelle/Sites-2020/pagie.co/focus-ui/src/components/filters/index.js
FNF:0
FNH:0
LF:0
LH:0
BRF:0
BRH:0
end_of_record
TN:
SF:/Users/jelle/Sites-2020/pagie.co/focus-ui/src/components/form/index.js
FNF:0
FNH:0
LF:0
LH:0
BRF:0
BRH:0
end_of_record
TN:
SF:/Users/jelle/Sites-2020/pagie.co/focus-ui/src/components/form-layout/index.js
FNF:0
FNH:0
LF:0
LH:0
BRF:0
BRH:0
end_of_record
TN:
SF:/Users/jelle/Sites-2020/pagie.co/focus-ui/src/components/form-layout/components/FormLayout.vue
FN:9,class_list
FN:16,render
FN:23,(anonymous_3)
FNF:3
FNH:3
FNDA:2,class_list
FNDA:2,render
FNDA:2,(anonymous_3)
DA:3,3
DA:10,2
DA:17,2
DA:18,1
DA:23,2
DA:29,2
LF:6
LH:6
BRDA:17,0,0,1
BRDA:17,0,1,1
BRF:2
BRH:2
end_of_record
TN:
SF:/Users/jelle/Sites-2020/pagie.co/focus-ui/src/components/form/components/Form.vue
FN:25,validator
FN:57,validator
FN:65,formEnctype
FN:69,formAutocomplete
FNF:4
FNH:4
FNDA:9,validator
FNDA:5,validator
FNDA:6,formEnctype
FNDA:6,formAutocomplete
DA:3,3
DA:9,3
DA:25,9
DA:57,5
DA:66,6
DA:70,6
LF:6
LH:6
BRDA:70,0,0,1
BRDA:70,0,1,5
BRF:2
BRH:2
end_of_record
TN:
SF:/Users/jelle/Sites-2020/pagie.co/focus-ui/src/components/frame/index.js
FNF:0
FNH:0
LF:0
LH:0
BRF:0
BRH:0
end_of_record
TN:
SF:/Users/jelle/Sites-2020/pagie.co/focus-ui/src/components/frame/components/Frame.vue
FN:7,classList
FN:14,hasTopBar
FN:18,hasNavigation
FNF:3
FNH:0
FNDA:0,classList
FNDA:0,hasTopBar
FNDA:0,hasNavigation
DA:3,2
DA:8,0
DA:15,0
DA:19,0
LF:4
LH:1
BRF:0
BRH:0
end_of_record
TN:
SF:/Users/jelle/Sites-2020/pagie.co/focus-ui/src/components/heading/index.js
FNF:0
FNH:0
LF:0
LH:0
BRF:0
BRH:0
end_of_record
TN:
SF:/Users/jelle/Sites-2020/pagie.co/focus-ui/src/components/heading/components/Heading.vue
FN:20,validator
FNF:1
FNH:1
FNDA:2,validator
DA:3,3
DA:20,2
LF:2
LH:2
BRF:0
BRH:0
end_of_record
TN:
SF:/Users/jelle/Sites-2020/pagie.co/focus-ui/src/components/icon/index.js
FNF:0
FNH:0
LF:0
LH:0
BRF:0
BRH:0
end_of_record
TN:
SF:/Users/jelle/Sites-2020/pagie.co/focus-ui/src/components/icon/components/Icon.vue
FNF:0
FNH:0
DA:3,4
DA:4,4
DA:5,4
DA:7,4
LF:4
LH:4
BRF:0
BRH:0
end_of_record
TN:
SF:/Users/jelle/Sites-2020/pagie.co/focus-ui/src/components/input-label/index.js
FNF:0
FNH:0
LF:0
LH:0
BRF:0
BRH:0
end_of_record
TN:
SF:/Users/jelle/Sites-2020/pagie.co/focus-ui/src/components/layout/index.js
FNF:0
FNH:0
LF:0
LH:0
BRF:0
BRH:0
end_of_record
TN:
SF:/Users/jelle/Sites-2020/pagie.co/focus-ui/src/components/layout/components/AnnotatedSection.vue
FNF:0
FNH:0
DA:3,2
DA:4,2
LF:2
LH:2
BRF:0
BRH:0
end_of_record
TN:
SF:/Users/jelle/Sites-2020/pagie.co/focus-ui/src/components/layout/components/Layout.vue
FN:18,render
FNF:1
FNH:0
FNDA:0,render
DA:3,2
DA:19,0
DA:23,0
LF:3
LH:1
BRDA:19,0,0,0
BRDA:19,0,1,0
BRF:2
BRH:0
end_of_record
TN:
SF:/Users/jelle/Sites-2020/pagie.co/focus-ui/src/components/layout/components/Section.vue
FN:29,classList
FNF:1
FNH:0
FNDA:0,classList
DA:3,2
DA:30,0
LF:2
LH:1
BRF:0
BRH:0
end_of_record
TN:
SF:/Users/jelle/Sites-2020/pagie.co/focus-ui/src/components/link/index.js
FNF:0
FNH:0
LF:0
LH:0
BRF:0
BRH:0
end_of_record
TN:
SF:/Users/jelle/Sites-2020/pagie.co/focus-ui/src/components/link/components/Link.vue
FN:25,render
FN:43,getIcon
FNF:2
FNH:0
FNDA:0,render
FNDA:0,getIcon
DA:3,2
DA:26,0
DA:28,0
DA:29,0
DA:30,0
DA:33,0
DA:44,0
DA:45,0
DA:51,0
LF:9
LH:1
BRDA:28,0,0,0
BRDA:28,0,1,0
BRDA:44,1,0,0
BRDA:44,1,1,0
BRF:4
BRH:0
end_of_record
TN:
SF:/Users/jelle/Sites-2020/pagie.co/focus-ui/src/components/list/index.js
FNF:0
FNH:0
LF:0
LH:0
BRF:0
BRH:0
end_of_record
TN:
SF:/Users/jelle/Sites-2020/pagie.co/focus-ui/src/components/list/components/List.vue
FN:18,validator
FN:25,classList
FN:32,elementType
FNF:3
FNH:0
FNDA:0,validator
FNDA:0,classList
FNDA:0,elementType
DA:3,2
DA:5,2
DA:18,0
DA:26,0
DA:33,0
LF:5
LH:2
BRDA:33,0,0,0
BRDA:33,0,1,0
BRF:2
BRH:0
end_of_record
TN:
SF:/Users/jelle/Sites-2020/pagie.co/focus-ui/src/components/modal/index.js
FNF:0
FNH:0
LF:0
LH:0
BRF:0
BRH:0
end_of_record
TN:
SF:/Users/jelle/Sites-2020/pagie.co/focus-ui/src/components/navigation/index.js
FNF:0
FNH:0
LF:0
LH:0
BRF:0
BRH:0
end_of_record
TN:
SF:/Users/jelle/Sites-2020/pagie.co/focus-ui/src/components/navigation/components/Section.vue
FN:23,classList
FNF:1
FNH:0
FNDA:0,classList
DA:3,2
DA:24,0
LF:2
LH:1
BRF:0
BRH:0
end_of_record
TN:
SF:/Users/jelle/Sites-2020/pagie.co/focus-ui/src/components/page/index.js
FNF:0
FNH:0
LF:0
LH:0
BRF:0
BRH:0
end_of_record
TN:
SF:/Users/jelle/Sites-2020/pagie.co/focus-ui/src/components/page/components/Page.vue
FN:34,classList
FNF:1
FNH:0
FNDA:0,classList
DA:3,2
DA:4,2
DA:5,2
DA:6,2
DA:35,0
LF:5
LH:4
BRF:0
BRH:0
end_of_record
TN:
SF:/Users/jelle/Sites-2020/pagie.co/focus-ui/src/components/page/components/PrimaryAction.vue
FN:18,buttonProps
FNF:1
FNH:0
FNDA:0,buttonProps
DA:3,2
DA:4,2
DA:19,0
LF:3
LH:2
BRF:0
BRH:0
end_of_record
TN:
SF:/Users/jelle/Sites-2020/pagie.co/focus-ui/src/components/page/components/SecondaryActions.vue
FNF:0
FNH:0
DA:3,2
DA:4,2
LF:2
LH:2
BRF:0
BRH:0
end_of_record
TN:
SF:/Users/jelle/Sites-2020/pagie.co/focus-ui/src/components/popover/index.js
FNF:0
FNH:0
LF:0
LH:0
BRF:0
BRH:0
end_of_record
TN:
SF:/Users/jelle/Sites-2020/pagie.co/focus-ui/src/components/popover/components/Popover.vue
FN:28,validator
FN:39,data
FN:47,classList
FN:62,onBodyClick
FN:79,onEsc
FN:86,toggle
FN:99,open
FN:122,createPopperInstance
FN:136,close
FN:155,isOutsidePopover
FN:162,(anonymous_11)
FNF:11
FNH:5
FNDA:4,validator
FNDA:4,data
FNDA:6,classList
FNDA:0,onBodyClick
FNDA:0,onEsc
FNDA:0,toggle
FNDA:1,open
FNDA:0,createPopperInstance
FNDA:1,close
FNDA:0,isOutsidePopover
FNDA:0,(anonymous_11)
DA:3,2
DA:4,2
DA:6,2
DA:28,4
DA:40,4
DA:48,6
DA:62,0
DA:65,0
DA:66,0
DA:69,0
DA:70,0
DA:80,0
DA:86,0
DA:87,0
DA:89,0
DA:90,0
DA:92,0
DA:99,1
DA:100,1
DA:101,0
DA:104,1
DA:105,1
DA:106,1
DA:107,1
DA:109,1
DA:110,0
DA:113,1
DA:122,0
DA:125,0
DA:137,1
DA:138,0
DA:141,1
DA:143,1
DA:144,1
DA:146,1
DA:147,1
DA:156,0
DA:158,0
DA:162,0
LF:39
LH:20
BRDA:65,0,0,0
BRDA:65,0,1,0
BRDA:69,1,0,0
BRDA:69,1,1,0
BRDA:69,2,0,0
BRDA:69,2,1,0
BRDA:69,2,2,0
BRDA:80,3,0,0
BRDA:80,3,1,0
BRDA:86,4,0,0
BRDA:86,4,1,0
BRDA:89,5,0,0
BRDA:89,5,1,0
BRDA:99,6,0,1
BRDA:99,6,1,1
BRDA:100,7,0,0
BRDA:100,7,1,1
BRDA:109,8,0,0
BRDA:109,8,1,1
BRDA:137,9,0,0
BRDA:137,9,1,1
BRDA:162,10,0,0
BRDA:162,10,1,0
BRF:23
BRH:5
end_of_record
TN:
SF:/Users/jelle/Sites-2020/pagie.co/focus-ui/src/components/select/index.js
FNF:0
FNH:0
LF:0
LH:0
BRF:0
BRH:0
end_of_record
TN:
SF:/Users/jelle/Sites-2020/pagie.co/focus-ui/src/components/select/components/Select.vue
FN:60,_default
FN:71,data
FN:78,mounted
FN:84,setSelectedOption
FNF:4
FNH:4
FNDA:8,_default
FNDA:9,data
FNDA:9,mounted
FNDA:9,setSelectedOption
DA:3,3
DA:60,8
DA:72,9
DA:79,9
DA:80,9
DA:85,9
DA:87,9
DA:88,2
LF:8
LH:8
BRDA:87,0,0,2
BRDA:87,0,1,7
BRDA:87,1,0,9
BRDA:87,1,1,9
BRF:4
BRH:4
end_of_record
TN:
SF:/Users/jelle/Sites-2020/pagie.co/focus-ui/src/components/skeleton-body-text/index.js
FNF:0
FNH:0
LF:0
LH:0
BRF:0
BRH:0
end_of_record
TN:
SF:/Users/jelle/Sites-2020/pagie.co/focus-ui/src/components/skeleton-body-text/components/SkeletonBodyText.vue
FN:14,render
FNF:1
FNH:0
FNDA:0,render
DA:15,0
DA:17,0
DA:18,0
DA:23,0
LF:4
LH:0
BRF:0
BRH:0
end_of_record
TN:
SF:/Users/jelle/Sites-2020/pagie.co/focus-ui/src/components/skeleton-display-text/index.js
FNF:0
FNH:0
LF:0
LH:0
BRF:0
BRH:0
end_of_record
TN:
SF:/Users/jelle/Sites-2020/pagie.co/focus-ui/src/components/skeleton-display-text/components/SkeletonDisplayText.vue
FN:20,validator
FN:27,classList
FNF:2
FNH:0
FNDA:0,validator
FNDA:0,classList
DA:3,2
DA:5,2
DA:20,0
DA:28,0
LF:4
LH:2
BRF:0
BRH:0
end_of_record
TN:
SF:/Users/jelle/Sites-2020/pagie.co/focus-ui/src/components/spinner/index.js
FNF:0
FNH:0
LF:0
LH:0
BRF:0
BRH:0
end_of_record
TN:
SF:/Users/jelle/Sites-2020/pagie.co/focus-ui/src/components/stack/index.js
FNF:0
FNH:0
LF:0
LH:0
BRF:0
BRH:0
end_of_record
TN:
SF:/Users/jelle/Sites-2020/pagie.co/focus-ui/src/components/stack/components/Stack.vue
FN:29,validator
FN:40,validator
FN:63,classList
FN:74,render
FN:79,(anonymous_5)
FNF:5
FNH:0
FNDA:0,validator
FNDA:0,validator
FNDA:0,classList
FNDA:0,render
FNDA:0,(anonymous_5)
DA:3,2
DA:5,2
DA:13,2
DA:29,0
DA:40,0
DA:64,0
DA:75,0
DA:76,0
DA:79,0
DA:83,0
LF:10
LH:3
BRDA:75,0,0,0
BRDA:75,0,1,0
BRF:2
BRH:0
end_of_record
TN:
SF:/Users/jelle/Sites-2020/pagie.co/focus-ui/src/components/sub-heading/index.js
FNF:0
FNH:0
LF:0
LH:0
BRF:0
BRH:0
end_of_record
TN:
SF:/Users/jelle/Sites-2020/pagie.co/focus-ui/src/components/sub-heading/components/SubHeading.vue
FN:20,validator
FNF:1
FNH:0
FNDA:0,validator
DA:3,2
DA:20,0
LF:2
LH:1
BRF:0
BRH:0
end_of_record
TN:
SF:/Users/jelle/Sites-2020/pagie.co/focus-ui/src/components/text-container/index.js
FNF:0
FNH:0
LF:0
LH:0
BRF:0
BRH:0
end_of_record
TN:
SF:/Users/jelle/Sites-2020/pagie.co/focus-ui/src/components/text-container/components/TextContainer.vue
FN:17,validator
FN:25,classList
FNF:2
FNH:0
FNDA:0,validator
FNDA:0,classList
DA:3,2
DA:5,2
DA:17,0
DA:26,0
LF:4
LH:2
BRF:0
BRH:0
end_of_record
TN:
SF:/Users/jelle/Sites-2020/pagie.co/focus-ui/src/components/text-field/index.js
FNF:0
FNH:0
LF:0
LH:0
BRF:0
BRH:0
end_of_record
TN:
SF:/Users/jelle/Sites-2020/pagie.co/focus-ui/src/components/text-field/components/TextField.vue
FN:95,validator
FN:113,_default
FN:124,data
FN:131,classList
FN:139,onInput
FN:144,setCharacterCount
FNF:6
FNH:6
FNDA:22,validator
FNDA:13,_default
FNDA:14,data
FNDA:14,classList
FNDA:1,onInput
FNDA:3,setCharacterCount
DA:3,3
DA:4,3
DA:6,3
DA:95,22
DA:114,16
DA:115,10
DA:125,14
DA:132,14
DA:140,1
DA:141,1
DA:145,3
DA:146,2
LF:12
LH:12
BRDA:114,0,0,3
BRDA:114,0,1,10
BRDA:145,1,0,2
BRDA:145,1,1,1
BRF:4
BRH:4
end_of_record
TN:
SF:/Users/jelle/Sites-2020/pagie.co/focus-ui/src/components/thumbnail/index.js
FNF:0
FNH:0
LF:0
LH:0
BRF:0
BRH:0
end_of_record
TN:
SF:/Users/jelle/Sites-2020/pagie.co/focus-ui/src/components/thumbnail/components/Thumbnail.vue
FN:25,validator
FN:40,classList
FNF:2
FNH:2
FNDA:4,validator
FNDA:4,classList
DA:3,3
DA:25,4
DA:41,4
LF:3
LH:3
BRF:0
BRH:0
end_of_record
TN:
SF:/Users/jelle/Sites-2020/pagie.co/focus-ui/src/components/tooltip/index.js
FNF:0
FNH:0
LF:0
LH:0
BRF:0
BRH:0
end_of_record
TN:
SF:/Users/jelle/Sites-2020/pagie.co/focus-ui/src/components/tooltip/components/Tooltip.vue
FN:36,validator
FN:42,mounted
FN:47,createPopperInstance
FN:53,showTooltip
FN:57,hideTooltip
FNF:5
FNH:0
FNDA:0,validator
FNDA:0,mounted
FNDA:0,createPopperInstance
FNDA:0,showTooltip
FNDA:0,hideTooltip
DA:3,2
DA:5,2
DA:36,0
DA:43,0
DA:48,0
DA:54,0
DA:58,0
LF:7
LH:2
BRF:0
BRH:0
end_of_record
TN:
SF:/Users/jelle/Sites-2020/pagie.co/focus-ui/src/components/top-bar/index.js
FNF:0
FNH:0
LF:0
LH:0
BRF:0
BRH:0
end_of_record
TN:
SF:/Users/jelle/Sites-2020/pagie.co/focus-ui/src/components/top-bar/components/SearchField.vue
FN:8,mounted
FN:12,destroyed
FN:17,inputFocus
FN:24,render
FNF:4
FNH:0
FNDA:0,mounted
FNDA:0,destroyed
FNDA:0,inputFocus
FNDA:0,render
DA:3,2
DA:9,0
DA:13,0
DA:18,0
DA:19,0
DA:25,0
LF:6
LH:1
BRDA:18,0,0,0
BRDA:18,0,1,0
BRDA:18,1,0,0
BRDA:18,1,1,0
BRF:4
BRH:0
end_of_record
TN:
SF:/Users/jelle/Sites-2020/pagie.co/focus-ui/src/components/top-bar/components/TopBar.vue
FNF:0
FNH:0
DA:3,2
LF:1
LH:1
BRF:0
BRH:0
end_of_record
TN:
SF:/Users/jelle/Sites-2020/pagie.co/focus-ui/src/components/visually-hidden/index.js
FNF:0
FNH:0
LF:0
LH:0
BRF:0
BRH:0
end_of_record
